{"numTotalTestSuites":12,"numPassedTestSuites":9,"numFailedTestSuites":3,"numPendingTestSuites":0,"numTotalTests":45,"numPassedTests":42,"numFailedTests":3,"numPendingTests":0,"numTodoTests":0,"snapshot":{"added":0,"failure":false,"filesAdded":0,"filesRemoved":0,"filesRemovedList":[],"filesUnmatched":0,"filesUpdated":0,"matched":0,"total":0,"unchecked":0,"uncheckedKeysByFile":[],"unmatched":0,"updated":0,"didUpdate":false},"startTime":1787739406650,"success":false,"testResults":[{"assertionResults":[{"ancestorTitles":[],"fullName":"information tooltip is described, focusable, hoverable, and click/tap toggleable","status":"passed","title":"information tooltip is described, focusable, hoverable, and click/tap toggleable","duration":488.9816999999998,"failureMessages":[],"meta":{},"tags":[]}],"startTime":1787739414713,"endTime":1787739415201.9817,"status":"passed","message":"","name":"C:/Users/achia/Projects/AlphaPilot/frontend/src/components/InfoTooltip.test.tsx"},{"assertionResults":[{"ancestorTitles":[],"fullName":"sidebar uses the real AlphaPilot image and removes placeholder branding","status":"passed","title":"sidebar uses the real AlphaPilot image and removes placeholder branding","duration":344.7973000000002,"failureMessages":[],"meta":{},"tags":[]},{"ancestorTitles":[],"fullName":"admin navigation is hidden when the safe feature gate is disabled","status":"passed","title":"admin navigation is hidden when the safe feature gate is disabled","duration":88.22830000000022,"failureMessages":[],"meta":{},"tags":[]}],"startTime":1787739415997,"endTime":1787739416429.2283,"status":"passed","message":"","name":"C:/Users/achia/Projects/AlphaPilot/frontend/src/layouts/AppLayout.test.tsx"},{"assertionResults":[{"ancestorTitles":[],"fullName":"disabled admin route explains the safe default and does not render actions","status":"passed","title":"disabled admin route explains the safe default and does not render actions","duration":418.11280000000033,"failureMessages":[],"meta":{},"tags":[]},{"ancestorTitles":[],"fullName":"enabled admin view renders freshness and warns that the gate is not authentication","status":"passed","title":"enabled admin view renders freshness and warns that the gate is not authentication","duration":141.89779999999973,"failureMessages":[],"meta":{},"tags":[]},{"ancestorTitles":[],"fullName":"known-ticker sync reports explicit company-not-found without fabricating metadata","status":"passed","title":"known-ticker sync reports explicit company-not-found without fabricating metadata","duration":321.77970000000005,"failureMessages":[],"meta":{},"tags":[]},{"ancestorTitles":[],"fullName":"full sync starts a background job and renders provider-safe progress","status":"failed","title":"full sync starts a background job and renders provider-safe progress","duration":1187.2579000000005,"failureMessages":["Error: Unable to find an element with the text: 500. This could be because the text is broken up by multiple elements. In this case, you can provide a function for your text matcher to make your matcher more flexible.\n\nIgnored nodes: comments, script, style\n\u001b[36m<body>\u001b[39m\n  \u001b[36m<div>\u001b[39m\n    \u001b[36m<div\u001b[39m\n      \u001b[33mclass\u001b[39m=\u001b[32m\"app-shell\"\u001b[39m\n    \u001b[36m>\u001b[39m\n      \u001b[36m<a\u001b[39m\n        \u001b[33mclass\u001b[39m=\u001b[32m\"skip-link\"\u001b[39m\n        \u001b[33mhref\u001b[39m=\u001b[32m\"#main-content\"\u001b[39m\n      \u001b[36m>\u001b[39m\n        \u001b[0mSkip to content\u001b[0m\n      \u001b[36m</a>\u001b[39m\n      \u001b[36m<aside\u001b[39m\n        \u001b[33mclass\u001b[39m=\u001b[32m\"sidebar\"\u001b[39m\n      \u001b[36m>\u001b[39m\n        \u001b[36m<div\u001b[39m\n          \u001b[33mclass\u001b[39m=\u001b[32m\"brand\"\u001b[39m\n        \u001b[36m>\u001b[39m\n          \u001b[36m<img\u001b[39m\n            \u001b[33malt\u001b[39m=\u001b[32m\"AlphaPilot\"\u001b[39m\n            \u001b[33mclass\u001b[39m=\u001b[32m\"brand__logo\"\u001b[39m\n            \u001b[33msrc\u001b[39m=\u001b[32m\"/src/assets/images/alphapilot-logo.png\"\u001b[39m\n          \u001b[36m/>\u001b[39m\n          \u001b[36m<span\u001b[39m\n            \u001b[33mclass\u001b[39m=\u001b[32m\"brand__subtitle\"\u001b[39m\n          \u001b[36m>\u001b[39m\n            \u001b[0mResearch Decision Dashboard\u001b[0m\n          \u001b[36m</span>\u001b[39m\n        \u001b[36m</div>\u001b[39m\n        \u001b[36m<nav\u001b[39m\n          \u001b[33maria-label\u001b[39m=\u001b[32m\"Primary navigation\"\u001b[39m\n        \u001b[36m>\u001b[39m\n          \u001b[36m<a\u001b[39m\n            \u001b[33mclass\u001b[39m=\u001b[32m\"\"\u001b[39m\n            \u001b[33mdata-discover\u001b[39m=\u001b[32m\"true\"\u001b[39m\n            \u001b[33mhref\u001b[39m=\u001b[32m\"/\"\u001b[39m\n          \u001b[36m>\u001b[39m\n            \u001b[0mDashboard\u001b[0m\n          \u001b[36m</a>\u001b[39m\n          \u001b[36m<a\u001b[39m\n            \u001b[33mclass\u001b[39m=\u001b[32m\"\"\u001b[39m\n            \u001b[33mdata-discover\u001b[39m=\u001b[32m\"true\"\u001b[39m\n            \u001b[33mhref\u001b[39m=\u001b[32m\"/portfolio\"\u001b[39m\n          \u001b[36m>\u001b[39m\n            \u001b[0mPortfolio plan\u001b[0m\n          \u001b[36m</a>\u001b[39m\n          \u001b[36m<a\u001b[39m\n            \u001b[33mclass\u001b[39m=\u001b[32m\"\"\u001b[39m\n            \u001b[33mdata-discover\u001b[39m=\u001b[32m\"true\"\u001b[39m\n            \u001b[33mhref\u001b[39m=\u001b[32m\"/evaluate\"\u001b[39m\n          \u001b[36m>\u001b[39m\n            \u001b[0mEvaluate stock\u001b[0m\n          \u001b[36m</a>\u001b[39m\n          \u001b[36m<a\u001b[39m\n            \u001b[33mclass\u001b[39m=\u001b[32m\"\"\u001b[39m\n            \u001b[33mdata-discover\u001b[39m=\u001b[32m\"true\"\u001b[39m\n            \u001b[33mhref\u001b[39m=\u001b[32m\"/settings\"\u001b[39m\n          \u001b[36m>\u001b[39m\n            \u001b[0mResearch settings\u001b[0m\n          \u001b[36m</a>\u001b[39m\n          \u001b[36m<a\u001b[39m\n            \u001b[33maria-current\u001b[39m=\u001b[32m\"page\"\u001b[39m\n            \u001b[33mclass\u001b[39m=\u001b[32m\"active\"\u001b[39m\n            \u001b[33mdata-discover\u001b[39m=\u001b[32m\"true\"\u001b[39m\n            \u001b[33mhref\u001b[39m=\u001b[32m\"/admin/data\"\u001b[39m\n          \u001b[36m>\u001b[39m\n            \u001b[0mData Management \u001b[0m\n          \u001b[36m</a>\u001b[39m\n        \u001b[36m</nav>\u001b[39m\n        \u001b[36m<div\u001b[39m\n          \u001b[33mclass\u001b[39m=\u001b[32m\"sidebar__status\"\u001b[39m\n        \u001b[36m>\u001b[39m\n          \u001b[36m<span\u001b[39m\n            \u001b[33mclass\u001b[39m=\u001b[32m\"badge badge--positive\"\u001b[39m\n          \u001b[36m>\u001b[39m\n            \u001b[0mBackend connected\u001b[0m\n          \u001b[36m</span>\u001b[39m\n          \u001b[36m<p>\u001b[39m\n            \u001b[0mStored market data · advisory output\u001b[0m\n          \u001b[36m</p>\u001b[39m\n        \u001b[36m</div>\u001b[39m\n      \u001b[36m</aside>\u001b[39m\n      \u001b[36m<div\u001b[39m\n        \u001b[33mclass\u001b[39m=\u001b[32m\"app-content\"\u001b[39m\n      \u001b[36m>\u001b[39m\n        \u001b[36m<header\u001b[39m\n          \u001b[33mclass\u001b[39m=\u001b[32m\"topbar\"\u001b[39m\n        \u001b[36m>\u001b[39m\n          \u001b[36m<div>\u001b[39m\n            \u001b[36m<span\u001b[39m\n              \u001b[33maria-hidden\u001b[39m=\u001b[32m\"true\"\u001b[39m\n              \u001b[33mclass\u001b[39m=\u001b[32m\"research-dot\"\u001b[39m\n            \u001b[36m/>\u001b[39m\n            \u001b[0mResearch environment\u001b[0m\n          \u001b[36m</div>\u001b[39m\n          \u001b[36m<span>\u001b[39m\n            \u001b[0mNot connected to live trading\u001b[0m\n          \u001b[36m</span>\u001b[39m\n        \u001b[36m</header>\u001b[39m\n        \u001b[36m<main\u001b[39m\n          \u001b[33mid\u001b[39m=\u001b[32m\"main-content\"\u001b[39m\n          \u001b[33mtabindex\u001b[39m=\u001b[32m\"-1\"\u001b[39m\n        \u001b[36m>\u001b[39m\n          \u001b[36m<div\u001b[39m\n            \u001b[33mclass\u001b[39m=\u001b[32m\"page\"\u001b[39m\n          \u001b[36m>\u001b[39m\n            \u001b[36m<header\u001b[39m\n              \u001b[33mclass\u001b[39m=\u001b[32m\"page-header\"\u001b[39m\n            \u001b[36m>\u001b[39m\n              \u001b[36m<div>\u001b[39m\n                \u001b[36m<p\u001b[39m\n                  \u001b[33mclass\u001b[39m=\u001b[32m\"eyebrow\"\u001b[39m\n                \u001b[36m>\u001b[39m\n                  \u001b[0mDevelopment operations\u001b[0m\n                \u001b[36m</p>\u001b[39m\n                \u001b[36m<h1>\u001b[39m\n                  \u001b[0mData Management\u001b[0m\n                \u001b[36m</h1>\u001b[39m\n                \u001b[36m<p>\u001b[39m\n                  \u001b[0mInspect stored research data and run explicitly gated synchronization workflows.\u001b[0m\n                \u001b[36m</p>\u001b[39m\n              \u001b[36m</div>\u001b[39m\n            \u001b[36m</header>\u001b[39m\n            \u001b[36m<section\u001b[39m\n              \u001b[33mclass\u001b[39m=\u001b[32m\"panel data-health--warning\"\u001b[39m\n            \u001b[36m>\u001b[39m\n              \u001b[36m<div\u001b[39m\n                \u001b[33mclass\u001b[39m=\u001b[32m\"section-heading\"\u001b[39m\n              \u001b[36m>\u001b[39m\n                \u001b[36m<div>\u001b[39m\n                  \u001b[36m<p\u001b[39m\n                    \u001b[33mclass\u001b[39m=\u001b[32m\"eyebrow\"\u001b[39m\n                  \u001b[36m>\u001b[39m\n                    \u001b[0mStored database · not live data\u001b[0m\n                  \u001b[36m</p>\u001b[39m\n                  \u001b[36m<h2>\u001b[39m\n                    \u001b[0mData freshness\u001b[0m\n                  \u001b[36m</h2>\u001b[39m\n                \u001b[36m</div>\u001b[39m\n              \u001b[36m</div>\u001b[39m\n              \u001b[36m<div\u001b[39m\n                \u001b[33mclass\u001b[39m=\u001b[32m\"metric-grid\"\u001b[39m\n              \u001b[36m>\u001b[39m\n                \u001b[36m<article\u001b[39m\n                  \u001b[33mclass\u001b[39m=\u001b[32m\"metric-card\"\u001b[39m\n                \u001b[36m>\u001b[39m\n                  \u001b[36m<div\u001b[39m\n                    \u001b[33mclass\u001b[39m=\u001b[32m\"metric-card__label\"\u001b[39m\n                  \u001b[36m>\u001b[39m\n                    \u001b[0mTotal Company records\u001b[0m\n                  \u001b[36m</div>\u001b[39m\n                  \u001b[36m<p\u001b[39m\n                    \u001b[33mclass\u001b[39m=\u001b[32m\"metric-card__value\"\u001b[39m\n                  \u001b[36m>\u001b[39m\n                    \u001b[0m503\u001b[0m\n                  \u001b[36m</p>\u001b[39m\n                \u001b[36m</article>\u001b[39m\n                \u001b[36m<article\u001b[39m\n                  \u001b[33mclass\u001b[39m=\u001b[32m\"metric-card\"\u001b[39m\n                \u001b[36m>\u001b[39m\n                  \u001b[36m<div\u001b[39m\n                    \u001b[33mclass\u001b[39m=\u001b[32m\"metric-card__label\"\u001b[39m\n                  \u001b[36m>\u001b[39m\n                    \u001b[0mCurrent active S&P 500\u001b[0m\n                  \u001b[36m</div>\u001b[39m\n                  \u001b[36m<p\u001b[39m\n                    \u001b[33mclass\u001b[39m=\u001b[32m\"metric-card__value\"\u001b[39m\n                  \u001b[36m>\u001b[39m\n                    \u001b[0m502\u001b[0m\n                  \u001b[36m</p>\u001b[39m\n                \u001b[36m</article>\u001b[39m\n                \u001b[36m<article\u001b[39m\n                  \u001b[33mclass\u001b[39m=\u001b[32m\"metric-card\"\u001b[39m\n                \u001b[36m>\u001b[39m\n                  \u001b[36m<div\u001b[39m\n                    \u001b[33mclass\u001b[39m=\u001b[32m\"metric-card__label\"\u001b[39m\n                  \u001b[36m>\u001b[39m\n                    \u001b[0mActive custom tracked\u001b[0m\n                  \u001b[36m</div>\u001b[39m\n                  \u001b[36m<p\u001b[39m\n                    \u001b[33mclass\u001b[39m=\u001b[32m\"metric-card__value\"\u001b[39m\n                  \u001b[36m>\u001b[39m\n                    \u001b[0m1\u001b[0m\n                  \u001b[36m</p>\u001b[39m\n                \u001b[36m</article>\u001b[39m\n                \u001b[36m<article\u001b[39m\n                  \u001b[33mclass\u001b[39m=\u001b[32m\"metric-card\"\u001b[39m\n                \u001b[36m>\u001b[39m\n                  \u001b[36m<div\u001b[39m\n                    \u001b[33mclass\u001b[39m=\u001b[32m\"metric-card__label\"\u001b[39m\n                  \u001b[36m>\u001b[39m\n                    \u001b[0mLatest SPY session\u001b[0m\n                  \u001b[36m</div>\u001b[39m\n                  \u001b[36m<p\u001b[39m\n                    \u001b[33mclass\u001b[39m=\u001b[32m\"metric-card__value\"\u001b[39m\n                  \u001b[36m>\u001b[39m\n                    \u001b[0mAug 20, 2026\u001b[0m\n                  \u001b[36m</p>\u001b[39m\n                \u001b[36m</article>\u001b[39m\n                \u001b[36m<article\u001b[39m\n                  \u001b[33mclass\u001b[39m=\u001b[32m\"metric-card\"\u001b[39m\n                \u001b[36m>\u001b[39m\n                  \u001b[36m<div\u001b[39m\n                    \u001b[33mclass\u001b[39m=\u001b[32m\"metric-card__label\"\u001b[39m\n                  \u001b[36m>\u001b[39m\n                    \u001b[0mFresh tracked tickers\u001b[0m\n                  \u001b[36m</div>\u001b[39m\n                  \u001b[36m<p\u001b[39m\n                    \u001b[33mclass\u001b[39m=\u001b[32m\"metric-card__value\"\u001b[39m\n                  \u001b[36m>\u001b[39m\n                    \u001b[0m501\u001b[0m\n                  \u001b[36m</p>\u001b[39m\n                \u001b[36m</article>\u001b[39m\n                \u001b[36m<article\u001b[39m\n                  \u001b[33mclass\u001b[39m=\u001b[32m\"metric-card\"\u001b[39m\n                \u001b[36m>\u001b[39m\n                  \u001b[36m<div\u001b[39m\n                    \u001b[33mclass\u001b[39m=\u001b[32m\"metric-card__label\"\u001b[39m\n                  \u001b[36m>\u001b[39m\n                    \u001b[0mStale tracked tickers\u001b[0m\n                  \u001b[36m</div>\u001b[39m\n                  \u001b[36m<p\u001b[39m\n                    \u001b[33mclass\u001b[39m=\u001b[32m\"metric-card__value\"\u001b[39m\n                  \u001b[36m>\u001b[39m\n                    \u001b[0m1\u001b[0m\n                  \u001b[36m</p>\u001b[39m\n                \u001b[36m</article>\u001b[39m\n                \u001b[36m<article\u001b[39m\n                  \u001b[33mclass\u001b[39m=\u001b[32m\"metric-card\"\u001b[39m\n                \u001b[36m>\u001b[39m\n                  \u001b[36m<div\u001b[39m\n                    \u001b[33mclass\u001b[39m=\u001b[32m\"metric-card__label\"\u001b[39m\n                  \u001b[36m>\u001b[39m\n                    \u001b[0mNo-data tickers\u001b[0m\n                  \u001b[36m</div>\u001b[39m\n                  \u001b[36m<p\u001b[39m\n                    \u001b[33mclass\u001b[39m=\u001b[32m\"metric-card__value\"\u001b[39m\n                  \u001b[36m>\u001b[39m\n                    \u001b[0m0\u001b[0m\n                  \u001b[36m</p>\u001b[39m\n                \u001b[36m</article>\u001b[39m\n                \u001b[36m<article\u001b[39m\n                  \u001b[33mclass\u001b[39m=\u001b[32m\"metric-card\"\u001b[39m\n                \u001b[36m>\u001b[39m\n                  \u001b[36m<div\u001b[39m\n                    \u001b[33mclass\u001b[39m=\u001b[32m\"metric-card__label\"\u001b[39m\n                  \u001b[36m>\u001b[39m\n                    \u001b[0mOldest tracked latest candle\u001b[0m\n                  \u001b[36m</div>\u001b[39m\n                  \u001b[36m<p\u001b[39m\n                    \u001b[33mclass\u001b[39m=\u001b[32m\"metric-card__value\"\u001b[39m\n                  \u001b[36m>\u001b[39m\n                    \u001b[0mAug 19, 2026\u001b[0m\n                  \u001b[36m</p>\u001b[39m\n                \u001b[36m</article>\u001b[39m\n                \u001b[36m<article\u001b[39m\n                  \u001b[33mclass\u001b[39m=\u001b[32m\"metric-card\"\u001b[39m\n                \u001b[36m>\u001b[39m\n                  \u001b[36m<div\u001b[39m\n                    \u001b[33mclass\u001b[39m=\u001b[32m\"metric-card__label\"\u001b[39m\n                  \u001b[36m>\u001b[39m\n                    \u001b[0mNewest tracked latest candle\u001b[0m\n                  \u001b[36m</div>\u001b[39m\n                  \u001b[36m<p\u001b[39m\n                    \u001b[33mclass\u001b[39m=\u001b[32m\"metric-card__value\"\u001b[39m\n                  \u001b[36m>\u001b[39m\n                    \u001b[0mAug 20, 2026\u001b[0m\n                  \u001b[36m</p>\u001b[39m\n                \u001b[36m</article>\u001b[39m\n                \u001b[36m<article\u001b[39m\n                  \u001b[33mclass\u001b[39m=\u001b[32m\"metric-card\"\u001b[39m\n                \u001b[36m>\u001b[39m\n                  \u001b[36m<div\u001b[39m\n                    \u001b[33mclass\u001b[39m=\u001b[32m\"metric-card__label\"\u001b[39m\n                  \u001b[36m>\u001b[39m\n                    \u001b[0mLast universe sync\u001b[0m\n                  \u001b[36m</div>\u001b[39m\n                  \u001b[36m<p\u001b[39m\n                    \u001b[33mclass\u001b[39m=\u001b[32m\"metric-card__value\"\u001b[39m\n                  \u001b[36m>\u001b[39m\n                    \u001b[0mNot available\u001b[0m\n                  \u001b[36m</p>\u001b[39m\n                \u001b[36m</article>\u001b[39m\n                \u001b[36m<article\u001b[39m\n                  \u001b[33mclass\u001b[39m=\u001b[32m\"metric-card\"\u001b[39m\n                \u001b[36m>\u001b[39m\n                  \u001b[36m<div\u001b[39m\n                    \u001b[33mclass\u001b[39m=\u001b[32m\"metric-card__label\"\u001b[39m\n                  \u001b[36m>\u001b[39m\n                    \u001b[0mLast candle sync\u001b[0m\n                  \u001b[36m</div>\u001b[39m\n                  \u001b[36m<p\u001b[39m\n                    \u001b[33mclass\u001b[39m=\u001b[32m\"metric-card__value\"\u001b[39m\n                  \u001b[36m>\u001b[39m\n                    \u001b[0mNot available\u001b[0m\n                  \u001b[36m</p>\u001b[39m\n                \u001b[36m</article>\u001b[39m\n              \u001b[36m</div>\u001b[39m\n            \u001b[36m</section>\u001b[39m\n            \u001b[36m<div\u001b[39m\n              \u001b[33mclass\u001b[39m=\u001b[32m\"page-stack\"\u001b[39m\n            \u001b[36m>\u001b[39m\n              \u001b[36m<p\u001b[39m\n                \u001b[33mclass\u001b[39m=\u001b[32m\"inline-note inline-note--warning\"\u001b[39m\n                \u001b[33mrole\u001b[39m=\u001b[32m\"status\"\u001b[39m\n              \u001b[36m>\u001b[39m\n                \u001b[0mResearch admin tools are enabled. This configuration gate is not authentication. Actions can call external data providers.\u001b[0m\n              \u001b[36m</p>\u001b[39m\n              \u001b[36m<section\u001b[39m\n                \u001b[33mclass\u001b[39m=\u001b[32m\"panel\"\u001b[39m\n              \u001b[36m>\u001b[39m\n                \u001b[36m<div\u001b[39m\n                  \u001b[33mclass\u001b[39m=\u001b[32m\"section-heading\"\u001b[39m\n                \u001b[36m>\u001b[39m\n                  \u001b[36m<div>\u001b[39m\n                    \u001b[36m<p\u001b[39m\n                      \u001b[33mclass\u001b[39m=\u001b[32m\"eyebrow\"\u001b[39m\n                    \u001b[36m>\u001b[39m\n                      \u001b[0mCustom coverage\u001b[0m\n                    \u001b[36m</p>\u001b[39m\n                    \u001b[36m<h2>\u001b[39m\n                      \u001b[0mCustom Tracked Tickers\u001b[0m\n                    \u001b[36m</h2>\u001b[39m\n                  \u001b[36m</div>\u001b[39m\n                \u001b[36m</div>\u001b[39m\n                \u001b[36m<p>\u001b[39m\n                  \u001b[0mAdd a valid company independently of S&P 500 membership. Metadata discovery and storage happen in the backend.\u001b[0m\n                \u001b[36m</p>\u001b[39m\n                \u001b[36m<form\u001b[39m\n                  \u001b[33mclass\u001b[39m=\u001b[32m\"admin-sync-form\"\u001b[39m\n                \u001b[36m>\u001b[39m\n                  \u001b[36m<label>\u001b[39m\n                    \u001b[36m<span>\u001b[39m\n                      \u001b[0mTicker\u001b[0m\n                    \u001b[36m</span>\u001b[39m\n                    \u001b[36m<input\u001b[39m\n                      \u001b[33maria-label\u001b[39m=\u001b[32m\"Custom ticker\"\u001b[39m\n                      \u001b[33mmaxlength\u001b[39m=\u001b[32m\"10\"\u001b[39m\n                      \u001b[33mpattern\u001b[39m=\u001b[32m\"[A-Za-z0-9.-]+\"\u001b[39m\n                      \u001b[33mrequired\u001b[39m=\u001b[32m\"\"\u001b[39m\n                      \u001b[33mvalue\u001b[39m=\u001b[32m\"\"\u001b[39m\n                    \u001b[36m/>\u001b[39m\n                  \u001b[36m</label>\u001b[39m\n                  \u001b[36m<label>\u001b[39m\n                    \u001b[36m<span>\u001b[39m\n                      \u001b[0mHistory start\u001b[0m\n                    \u001b[36m</span>\u001b[39m\n                    \u001b[36m<input\u001b[39m\n                      \u001b[33mtype\u001b[39m=\u001b[32m\"date\"\u001b[39m\n                      \u001b[33mvalue\u001b[39m=\u001b[32m\"2025-07-22\"\u001b[39m\n                    \u001b[36m/>\u001b[39m\n                  \u001b[36m</label>\u001b[39m\n                  \u001b[36m<label>\u001b[39m\n                    \u001b[36m<span>\u001b[39m\n                      \u001b[0mHistory end\u001b[0m\n                    \u001b[36m</span>\u001b[39m\n                    \u001b[36m<input\u001b[39m\n                      \u001b[33mtype\u001b[39m=\u001b[32m\"date\"\u001b[39m\n                      \u001b[33mvalue\u001b[39m=\u001b[32m\"2026-08-26\"\u001b[39m\n                    \u001b[36m/>\u001b[39m\n                  \u001b[36m</label>\u001b[39m\n                  \u001b[36m<button\u001b[39m\n                    \u001b[33mclass\u001b[39m=\u001b[32m\"button button--primary\"\u001b[39m\n                    \u001b[33mtype\u001b[39m=\u001b[32m\"submit\"\u001b[39m\n                  \u001b[36m>\u001b[39m\n                    \u001b[0mAdd & Sync\u001b[0m\n                  \u001b[36m</button>\u001b[39m\n                \u001b[36m</form>\u001b[39m\n                \u001b[36m<p\u001b[39m\n                  \u001b[33mclass\u001b[39m=\u001b[32m\"muted\"\u001b[39m\n                \u001b[36m>\u001b[39m\n                  \u001b[0mNo custom tracked tickers are stored.\u001b[0m\n                \u001b[36m</p>\u001b[39m\n              \u001b[36m</section>\u001b[39m\n              \u001b[36m<section\u001b[39m\n                \u001b[33mclass\u001b[39m=\u001b[32m\"panel\"\u001b[39m\n              \u001b[36m>\u001b[39m\n                \u001b[36m<div\u001b[39m\n                  \u001b[33mclass\u001b[39m=\u001b[32m\"section-heading\"\u001b[39m\n                \u001b[36m>\u001b[39m\n                  \u001b[36m<div>\u001b[39m\n                    \u001b[36m<p\u001b[39m\n                      \u001b[33mclass\u001b[39m=\u001b[32m\"eyebrow\"\u001b[39m\n                    \u001b[36m>\u001b[39m\n                      \u001b[0mIndependent operations\u001b[0m\n                    \u001b[36m</p>\u001b[39m\n                    \u001b[36m<h2>\u001b[39m\n                      \u001b[0mUniverse and Market Data\u001b[0m\n                    \u001b[36m</h2>\u001b[39m\n                  \u001b[36m</div>\u001b[39m\n                \u001b[36m</div>\u001b[39m\n                \u001b[36m<p>\u001b[39m\n                  \u001b[0mUniverse Sync refreshes constituent metadata and membership without downloading candles. Market Candles Sync updates SPY, current constituents, and active custom tickers.\u001b[0m\n                \u001b[36m</p>\u001b[39m\n                \u001b[36m<div\u001b[39m\n                  \u001b[33mclass\u001b[39m=\u001b[32m\"provider-strip\"\u001b[39m\n                \u001b[36m>\u001b[39m\n                  \u001b[36m<span>\u001b[39m\n                    \u001b[0mMarket provider: \u001b[0m\n                    \u001b[36m<strong>\u001b[39m\n                      \u001b[0mAlpaca\u001b[0m\n                    \u001b[36m</strong>\u001b[39m\n                  \u001b[36m</span>\u001b[39m\n                  \u001b[36m<span>\u001b[39m\n                    \u001b[0mConfigured feed: \u001b[0m\n                    \u001b[36m<strong>\u001b[39m\n                      \u001b[0miex\u001b[0m\n                    \u001b[36m</strong>\u001b[39m\n                    \u001b[0m \u001b[0m\n                    \u001b[36m<span\u001b[39m\n                      \u001b[33mclass\u001b[39m=\u001b[32m\"info-tooltip\"\u001b[39m\n                    \u001b[36m>\u001b[39m\n                      \u001b[36m<span\u001b[39m\n                        \u001b[33maria-expanded\u001b[39m=\u001b[32m\"false\"\u001b[39m\n                        \u001b[33maria-label\u001b[39m=\u001b[32m\"About the configured market-data feed\"\u001b[39m\n                        \u001b[33mclass\u001b[39m=\u001b[32m\"info-tooltip__trigger\"\u001b[39m\n                        \u001b[33mrole\u001b[39m=\u001b[32m\"button\"\u001b[39m\n                        \u001b[33mtabindex\u001b[39m=\u001b[32m\"0\"\u001b[39m\n                      \u001b[36m>\u001b[39m\n                        \u001b[36m<span\u001b[39m\n                          \u001b[33maria-hidden\u001b[39m=\u001b[32m\"true\"\u001b[39m\n                        \u001b[36m>\u001b[39m\n                          \u001b[0mi\u001b[0m\n                        \u001b[36m</span>\u001b[39m\n                      \u001b[36m</span>\u001b[39m\n                    \u001b[36m</span>\u001b[39m\n                  \u001b[36m</span>\u001b[39m\n                \u001b[36m</div>\u001b[39m\n                \u001b[36m<div\u001b[39m\n                  \u001b[33mclass\u001b[39m=\u001b[32m\"admin-action-grid\"\u001b[39m\n                \u001b[36m>\u001b[39m\n                  \u001b[36m<button\u001b[39m\n                    \u001b[33mclass\u001b[39m=\u001b[32m\"button button--primary\"\u001b[39m\n                    \u001b[33mtype\u001b[39m=\u001b[32m\"button\"\u001b[39m\n                  \u001b[36m>\u001b[39m\n                    \u001b[0mSync S&P 500 Universe\u001b[0m\n                  \u001b[36m</button>\u001b[39m\n                  \u001b[36m<button\u001b[39m\n                    \u001b[33mclass\u001b[39m=\u001b[32m\"button button--primary\"\u001b[39m\n                    \u001b[33mtype\u001b[39m=\u001b[32m\"button\"\u001b[39m\n                  \u001b[36m>\u001b[39m\n                    \u001b[0mSync Market Candles\u001b[0m\n                  \u001b[36m</button>\u001b[39m\n                  \u001b[36m<button\u001b[39m\n                    \u001b[33mclass\u001b[39m=\u001b[32m\"button button--secondary\"\u001b[39m\n                    \u001b[33mtype\u001b[39m=\u001b[32m\"button\"\u001b[39m\n                  \u001b[36m>\u001b[39m\n                    \u001b[0mFull Sync\u001b[0m\n                  \u001b[36m</button>\u001b[39m\n                \u001b[36m</div>\u001b[39m\n                \u001b[36m<section\u001b[39m\n                  \u001b[33maria-labelledby\u001b[39m=\u001b[32m\"sync-12345678-abcd\"\u001b[39m\n                  \u001b[33mclass\u001b[39m=\u001b[32m\"sync-progress sync-progress--succeeded\"\u001b[39m\n                \u001b[36m>\u001b[39m\n                  \u001b[36m<div\u001b[39m\n                    \u001b[33mclass\u001b[39m=\u001b[32m\"sync-progress__heading\"\u001b[39m\n                  \u001b[36m>\u001b[39m\n                    \u001b[36m<div>\u001b[39m\n                      \u001b[36m<strong\u001b[39m\n                        \u001b[33mid\u001b[39m=\u001b[32m\"sync-12345678-abcd\"\u001b[39m\n                      \u001b[36m>\u001b[39m\n                        \u001b[0mFULL SYNC\u001b[0m\n                      \u001b[36m</strong>\u001b[39m\n                      \u001b[36m<span>\u001b[39m\n                        \u001b[0mSUCCEEDED\u001b[0m\n                      \u001b[36m</span>\u001b[39m\n                    \u001b[36m</div>\u001b[39m\n                    \u001b[36m<span>\u001b[39m\n                      \u001b[0m100%\u001b[0m\n                    \u001b[36m</span>\u001b[39m\n                  \u001b[36m</div>\u001b[39m\n                  \u001b[36m<div\u001b[39m\n                    \u001b[33maria-label\u001b[39m=\u001b[32m\"FULL SYNC progress\"\u001b[39m\n                    \u001b[33maria-valuemax\u001b[39m=\u001b[32m\"502\"\u001b[39m\n                    \u001b[33maria-valuemin\u001b[39m=\u001b[32m\"0\"\u001b[39m\n                    \u001b[33maria-valuenow\u001b[39m=\u001b[32m\"502\"\u001b[39m\n                    \u001b[33maria-valuetext\u001b[39m=\u001b[32m\"Stock Candles, MSFT\"\u001b[39m\n                    \u001b[33mclass\u001b[39m=\u001b[32m\"progress-track \"\u001b[39m\n                    \u001b[33mrole\u001b[39m=\u001b[32m\"progressbar\"\u001b[39m\n                  \u001b[36m>\u001b[39m\n                    \u001b[36m<span\u001b[39m\n                      \u001b[33mstyle\u001b[39m=\u001b[32m\"width: 100%;\"\u001b[39m\n                    \u001b[36m/>\u001b[39m\n                  \u001b[36m</div>\u001b[39m\n                  \u001b[36m<ol\u001b[39m\n                    \u001b[33mclass\u001b[39m=\u001b[32m\"sync-phases\"\u001b[39m\n                  \u001b[36m>\u001b[39m\n                    \u001b[36m<li\u001b[39m\n                      \u001b[33mclass\u001b[39m=\u001b[32m\"is-complete\"\u001b[39m\n                    \u001b[36m>\u001b[39m\n                      \u001b[0mUniverse \u001b[0m\n                      \u001b[0mCOMPLETE\u001b[0m\n                    \u001b[36m</li>\u001b[39m\n                    \u001b[36m<li\u001b[39m\n                      \u001b[33mclass\u001b[39m=\u001b[32m\"is-active\"\u001b[39m\n                    \u001b[36m>\u001b[39m\n                      \u001b[0mCandles \u001b[0m\n                      \u001b[0mCOMPLETE\u001b[0m\n                    \u001b[36m</li>\u001b[39m\n                  \u001b[36m</ol>\u001b[39m\n                  \u001b[36m<dl\u001b[39m\n                    \u001b[33mclass\u001b[39m=\u001b[32m\"config-grid\"\u001b[39m\n                  \u001b[36m>\u001b[39m\n                    \u001b[36m<div>\u001b[39m\n                      \u001b[36m<dt>\u001b[39m\n                        \u001b[0mStage\u001b[0m\n                      \u001b[36m</dt>\u001b[39m\n                      \u001b[36m<dd>\u001b[39m\n                        \u001b[0mStock Candles\u001b[0m\n                      \u001b[36m</dd>\u001b[39m\n                    \u001b[36m</div>\u001b[39m\n                    \u001b[36m<div>\u001b[39m\n                      \u001b[36m<dt>\u001b[39m\n                        \u001b[0mCurrent ticker\u001b[0m\n                      \u001b[36m</dt>\u001b[39m\n                      \u001b[36m<dd>\u001b[39m\n                        \u001b[0mMSFT\u001b[0m\n                      \u001b[36m</dd>\u001b[39m\n                    \u001b[36m</div>\u001b[39m\n                    \u001b[36m<div>\u001b[39m\n                      \u001b[36m<dt>\u001b[39m\n                        \u001b[0mProcessed\u001b[0m\n                      \u001b[36m</dt>\u001b[39m\n                      \u001b[36m<dd>\u001b[39m\n                        \u001b[0m502\u001b[0m\n                        \u001b[0m / \u001b[0m\n                        \u001b[0m502\u001b[0m\n                      \u001b[36m</dd>\u001b[39m\n                    \u001b[36m</div>\u001b[39m\n                    \u001b[36m<div>\u001b[39m\n                      \u001b[36m<dt>\u001b[39m\n                        \u001b[0mSuccessful / skipped / failed\u001b[0m\n                      \u001b[36m</dt>\u001b[39m\n                      \u001b[36m<dd>\u001b[39m\n                        \u001b[0m500\u001b[0m\n                        \u001b[0m / \u001b[0m\n                        \u001b[0m2\u001b[0m\n                        \u001b[0m / \u001b[0m\n                        \u001b[0m0\u001b[0m\n                      \u001b[36m</dd>\u001b[39m\n                    \u001b[36m</div>\u001b[39m\n                    \u001b[36m<div>\u001b[39m\n                      \u001b[36m<dt>\u001b[39m\n                        \u001b[0mStarted\u001b[0m\n                      \u001b[36m</dt>\u001b[39m\n                      \u001b[36m<dd>\u001b[39m\n                        \u001b[0m2026-08-25T00:00:01Z\u001b[0m\n                      \u001b[36m</dd>\u001b[39m\n                    \u001b[36m</div>\u001b[39m\n                    \u001b[36m<div>\u001b[39m\n                      \u001b[36m<dt>\u001b[39m\n                        \u001b[0mFinished\u001b[0m\n                      \u001b[36m</dt>\u001b[39m\n                      \u001b[36m<dd>\u001b[39m\n                        \u001b[0m2026-08-25T00:01:00Z\u001b[0m\n                      \u001b[36m</dd>\u001b[39m\n                    \u001b[36m</div>\u001b[39m\n                    \u001b[36m<div>\u001b[39m\n                      \u001b[36m<dt>\u001b[39m\n                        \u001b[0mProvider / feed\u001b[0m\n                      \u001b[36m</dt>\u001b[39m\n                      \u001b[36m<dd>\u001b[39m\n                        \u001b[0mAlpaca\u001b[0m\n                        \u001b[0m / iex\u001b[0m\n                      \u001b[36m</dd>\u001b[39m\n                    \u001b[36m</div>\u001b[39m\n                  \u001b[36m</dl>\u001b[39m\n                  \u001b[36m<dl\u001b[39m\n                    \u001b[33mclass\u001b[39m=\u001b[32m\"config-grid\"\u001b[39m\n                  \u001b[36m>\u001b[39m\n                    \u001b[36m<div>\u001b[39m\n                      \u001b[36m<dt>\u001b[39m\n                        \u001b[0mCompanies created / updated / unchanged\u001b[0m\n                      \u001b[36m</dt>\u001b[39m\n                      \u001b[36m<dd>\u001b[39m\n                        \u001b[0m0\u001b[0m\n                        \u001b[0m / \u001b[0m\n                        \u001b[0m0\u001b[0m\n                        \u001b[0m / \u001b[0m\n                        \u001b[0m502\u001b[0m\n                      \u001b[36m</dd>\u001b[39m\n                    \u001b[36m</div>\u001b[39m\n                    \u001b[36m<div>\u001b[39m\n                      \u001b[36m<dt>\u001b[39m\n                        \u001b[0mMemberships added / removed\u001b[0m\n                      \u001b[36m</dt>\u001b[39m\n                      \u001b[36m<dd>\u001b[39m\n                        \u001b[0m0\u001b[0m\n                        \u001b[0m / \u001b[0m\n                        \u001b[0m0\u001b[0m\n                      \u001b[36m</dd>\u001b[39m\n                    \u001b[36m</div>\u001b[39m\n                    \u001b[36m<div>\u001b[39m\n                      \u001b[36m<dt>\u001b[39m\n                        \u001b[0mActive constituents\u001b[0m\n                      \u001b[36m</dt>\u001b[39m\n                      \u001b[36m<dd>\u001b[39m\n                        \u001b[0m502\u001b[0m\n                      \u001b[36m</dd>\u001b[39m\n                    \u001b[36m</div>\u001b[39m\n                  \u001b[36m</dl>\u001b[39m\n                  \u001b[36m<p\u001b[39m\n                    \u001b[33mclass\u001b[39m=\u001b[32m\"inline-note\"\u001b[39m\n                  \u001b[36m>\u001b[39m\n                    \u001b[36m<strong>\u001b[39m\n                      \u001b[0mCompleted.\u001b[0m\n                    \u001b[36m</strong>\u001b[39m\n                    \u001b[0m The freshness summary will refresh automatically.\u001b[0m\n                  \u001b[36m</p>\u001b[39m\n                \u001b[36m</section>\u001b[39m\n                \u001b[36m<p>\u001b[39m\n                  \u001b[36m<a\u001b[39m\n                    \u001b[33mclass\u001b[39m=\u001b[32m\"button button--primary button--small\"\u001b[39m\n                    \u001b[33mdata-discover\u001b[39m=\u001b[32m\"true\"\u001b[39m\n                    \u001b[33mhref\u001b[39m=\u001b[32m\"/portfolio\"\u001b[39m\n                  \u001b[36m>\u001b[39m\n                    \u001b[0mReturn to Portfolio Plan\u001b[0m\n                  \u001b[36m</a>\u001b[39m\n                \u001b[36m</p>\u001b[39m\n              \u001b[36m</section>\u001b[39m\n              \u001b[36m<section\u001b[39m\n                \u001b[33mclass\u001b[39m=\u001b[32m\"panel\"\u001b[39m\n              \u001b[36m>\u001b[39m\n                \u001b[36m<div\u001b[39m\n                  \u001b[33mclass\u001b[39m=\u001b[32m\"section-heading\"\u001b[39m\n                \u001b[36m>\u001b[39m\n                  \u001b[36m<div>\u001b[39m\n                    \u001b[36m<p\u001b[39m\n                      \u001b[33mclass\u001b[39m=\u001b[32m\"eyebrow\"\u001b[39m\n                    \u001b[36m>\u001b[39m\n                      \u001b[0mKnown company maintenance\u001b[0m\n                    \u001b[36m</p>\u001b[39m\n                    \u001b[36m<h2>\u001b[39m\n                      \u001b[0mSync One Stored Ticker\u001b[0m\n                    \u001b[36m</h2>\u001b[39m\n                  \u001b[36m</div>\u001b[39m\n                \u001b[36m</div>\u001b[39m\n                \u001b[36m<form\u001b[39m\n                  \u001b[33mclass\u001b[39m=\u001b[32m\"admin-sync-form\"\u001b[39m\n                \u001b[36m>\u001b[39m\n                  \u001b[36m<label>\u001b[39m\n                    \u001b[36m<span>\u001b[39m\n                      \u001b[0mTicker\u001b[0m\n                    \u001b[36m</span>\u001b[39m\n                    \u001b[36m<input\u001b[39m\n                      \u001b[33mmaxlength\u001b[39m=\u001b[32m\"10\"\u001b[39m\n                      \u001b[33mrequired\u001b[39m=\u001b[32m\"\"\u001b[39m\n                      \u001b[33mvalue\u001b[39m=\u001b[32m\"\"\u001b[39m\n                    \u001b[36m/>\u001b[39m\n                  \u001b[36m</label>\u001b[39m\n                  \u001b[36m<button\u001b[39m\n                    \u001b[33mclass\u001b[39m=\u001b[32m\"button button--secondary\"\u001b[39m\n                    \u001b[33mtype\u001b[39m=\u001b[32m\"submit\"\u001b[39m\n                  \u001b[36m>\u001b[39m\n                    \u001b[0mSync stored ticker candles\u001b[0m\n                  \u001b[36m</button>\u001b[39m\n                \u001b[36m</form>\u001b[39m\n              \u001b[36m</section>\u001b[39m\n            \u001b[36m</div>\u001b[39m\n          \u001b[36m</div>\u001b[39m\n        \u001b[36m</main>\u001b[39m\n        \u001b[36m<footer>\u001b[39m\n          \u001b[0mAlphaPilot outputs are research/advisory decisions. Current models are not live-trading validated.\u001b[0m\n        \u001b[36m</footer>\u001b[39m\n      \u001b[36m</div>\u001b[39m\n    \u001b[36m</div>\u001b[39m\n  \u001b[36m</div>\u001b[39m\n\u001b[36m</body>\u001b[39m\n    at waitForWrapper (C:\\Users\\achia\\Projects\\AlphaPilot\\frontend\\node_modules\\@testing-library\\dom\\dist\\wait-for.js:163:27)\n    at C:\\Users\\achia\\Projects\\AlphaPilot\\frontend\\node_modules\\@testing-library\\dom\\dist\\query-helpers.js:86:33\n    at C:/Users/achia/Projects/AlphaPilot/frontend/src/pages/AdminDataPage.test.tsx:57:23\n    at file:///C:/Users/achia/Projects/AlphaPilot/frontend/node_modules/@vitest/runner/dist/chunk-artifact.js:1903:20"],"meta":{},"tags":[]},{"ancestorTitles":[],"fullName":"admin navigation remains discoverable and unlocks when capability is enabled","status":"passed","title":"admin navigation remains discoverable and unlocks when capability is enabled","duration":58.51459999999952,"failureMessages":[],"meta":{},"tags":[]},{"ancestorTitles":[],"fullName":"custom ticker Add & Sync exposes non-S&P result and management actions","status":"passed","title":"custom ticker Add & Sync exposes non-S&P result and management actions","duration":442.1084000000001,"failureMessages":[],"meta":{},"tags":[]},{"ancestorTitles":[],"fullName":"custom onboarding reports S&P duplicate, invalid symbol, and provider failure safely","status":"passed","title":"custom onboarding reports S&P duplicate, invalid symbol, and provider failure safely","duration":692.5959999999995,"failureMessages":[],"meta":{},"tags":[]}],"startTime":1787739410066,"endTime":1787739413328.596,"status":"failed","message":"","name":"C:/Users/achia/Projects/AlphaPilot/frontend/src/pages/AdminDataPage.test.tsx"},{"assertionResults":[{"ancestorTitles":[],"fullName":"dashboard renders research framing and empty portfolio state","status":"passed","title":"dashboard renders research framing and empty portfolio state","duration":437.4117000000001,"failureMessages":[],"meta":{},"tags":[]},{"ancestorTitles":[],"fullName":"backend unavailable is distinguished from a domain empty state","status":"passed","title":"backend unavailable is distinguished from a domain empty state","duration":170.18010000000004,"failureMessages":[],"meta":{},"tags":[]},{"ancestorTitles":[],"fullName":"navigation reaches every required route","status":"passed","title":"navigation reaches every required route","duration":391.56889999999976,"failureMessages":[],"meta":{},"tags":[]},{"ancestorTitles":[],"fullName":"dashboard metadata includes selection policy and evaluated versus approved counts","status":"failed","title":"dashboard metadata includes selection policy and evaluated versus approved counts","duration":369.33870000000024,"failureMessages":["TestingLibraryElementError: Unable to find an element with the text: 1 / 3 Â· 1. This could be because the text is broken up by multiple elements. In this case, you can provide a function for your text matcher to make your matcher more flexible.\n\nIgnored nodes: comments, script, style\n\u001b[36m<body>\u001b[39m\n  \u001b[36m<div>\u001b[39m\n    \u001b[36m<div\u001b[39m\n      \u001b[33mclass\u001b[39m=\u001b[32m\"app-shell\"\u001b[39m\n    \u001b[36m>\u001b[39m\n      \u001b[36m<a\u001b[39m\n        \u001b[33mclass\u001b[39m=\u001b[32m\"skip-link\"\u001b[39m\n        \u001b[33mhref\u001b[39m=\u001b[32m\"#main-content\"\u001b[39m\n      \u001b[36m>\u001b[39m\n        \u001b[0mSkip to content\u001b[0m\n      \u001b[36m</a>\u001b[39m\n      \u001b[36m<aside\u001b[39m\n        \u001b[33mclass\u001b[39m=\u001b[32m\"sidebar\"\u001b[39m\n      \u001b[36m>\u001b[39m\n        \u001b[36m<div\u001b[39m\n          \u001b[33mclass\u001b[39m=\u001b[32m\"brand\"\u001b[39m\n        \u001b[36m>\u001b[39m\n          \u001b[36m<img\u001b[39m\n            \u001b[33malt\u001b[39m=\u001b[32m\"AlphaPilot\"\u001b[39m\n            \u001b[33mclass\u001b[39m=\u001b[32m\"brand__logo\"\u001b[39m\n            \u001b[33msrc\u001b[39m=\u001b[32m\"/src/assets/images/alphapilot-logo.png\"\u001b[39m\n          \u001b[36m/>\u001b[39m\n          \u001b[36m<span\u001b[39m\n            \u001b[33mclass\u001b[39m=\u001b[32m\"brand__subtitle\"\u001b[39m\n          \u001b[36m>\u001b[39m\n            \u001b[0mResearch Decision Dashboard\u001b[0m\n          \u001b[36m</span>\u001b[39m\n        \u001b[36m</div>\u001b[39m\n        \u001b[36m<nav\u001b[39m\n          \u001b[33maria-label\u001b[39m=\u001b[32m\"Primary navigation\"\u001b[39m\n        \u001b[36m>\u001b[39m\n          \u001b[36m<a\u001b[39m\n            \u001b[33maria-current\u001b[39m=\u001b[32m\"page\"\u001b[39m\n            \u001b[33mclass\u001b[39m=\u001b[32m\"active\"\u001b[39m\n            \u001b[33mdata-discover\u001b[39m=\u001b[32m\"true\"\u001b[39m\n            \u001b[33mhref\u001b[39m=\u001b[32m\"/\"\u001b[39m\n          \u001b[36m>\u001b[39m\n            \u001b[0mDashboard\u001b[0m\n          \u001b[36m</a>\u001b[39m\n          \u001b[36m<a\u001b[39m\n            \u001b[33mclass\u001b[39m=\u001b[32m\"\"\u001b[39m\n            \u001b[33mdata-discover\u001b[39m=\u001b[32m\"true\"\u001b[39m\n            \u001b[33mhref\u001b[39m=\u001b[32m\"/portfolio\"\u001b[39m\n          \u001b[36m>\u001b[39m\n            \u001b[0mPortfolio plan\u001b[0m\n          \u001b[36m</a>\u001b[39m\n          \u001b[36m<a\u001b[39m\n            \u001b[33mclass\u001b[39m=\u001b[32m\"\"\u001b[39m\n            \u001b[33mdata-discover\u001b[39m=\u001b[32m\"true\"\u001b[39m\n            \u001b[33mhref\u001b[39m=\u001b[32m\"/evaluate\"\u001b[39m\n          \u001b[36m>\u001b[39m\n            \u001b[0mEvaluate stock\u001b[0m\n          \u001b[36m</a>\u001b[39m\n          \u001b[36m<a\u001b[39m\n            \u001b[33mclass\u001b[39m=\u001b[32m\"\"\u001b[39m\n            \u001b[33mdata-discover\u001b[39m=\u001b[32m\"true\"\u001b[39m\n            \u001b[33mhref\u001b[39m=\u001b[32m\"/settings\"\u001b[39m\n          \u001b[36m>\u001b[39m\n            \u001b[0mResearch settings\u001b[0m\n          \u001b[36m</a>\u001b[39m\n          \u001b[36m<a\u001b[39m\n            \u001b[33mclass\u001b[39m=\u001b[32m\"\"\u001b[39m\n            \u001b[33mdata-discover\u001b[39m=\u001b[32m\"true\"\u001b[39m\n            \u001b[33mhref\u001b[39m=\u001b[32m\"/admin/data\"\u001b[39m\n          \u001b[36m>\u001b[39m\n            \u001b[0mData Management \u001b[0m\n            \u001b[36m<span\u001b[39m\n              \u001b[33mclass\u001b[39m=\u001b[32m\"nav-lock\"\u001b[39m\n            \u001b[36m>\u001b[39m\n              \u001b[0mLocked\u001b[0m\n            \u001b[36m</span>\u001b[39m\n          \u001b[36m</a>\u001b[39m\n        \u001b[36m</nav>\u001b[39m\n        \u001b[36m<div\u001b[39m\n          \u001b[33mclass\u001b[39m=\u001b[32m\"sidebar__status\"\u001b[39m\n        \u001b[36m>\u001b[39m\n          \u001b[36m<span\u001b[39m\n            \u001b[33mclass\u001b[39m=\u001b[32m\"badge badge--positive\"\u001b[39m\n          \u001b[36m>\u001b[39m\n            \u001b[0mBackend connected\u001b[0m\n          \u001b[36m</span>\u001b[39m\n          \u001b[36m<p>\u001b[39m\n            \u001b[0mStored market data · advisory output\u001b[0m\n          \u001b[36m</p>\u001b[39m\n        \u001b[36m</div>\u001b[39m\n      \u001b[36m</aside>\u001b[39m\n      \u001b[36m<div\u001b[39m\n        \u001b[33mclass\u001b[39m=\u001b[32m\"app-content\"\u001b[39m\n      \u001b[36m>\u001b[39m\n        \u001b[36m<header\u001b[39m\n          \u001b[33mclass\u001b[39m=\u001b[32m\"topbar\"\u001b[39m\n        \u001b[36m>\u001b[39m\n          \u001b[36m<div>\u001b[39m\n            \u001b[36m<span\u001b[39m\n              \u001b[33maria-hidden\u001b[39m=\u001b[32m\"true\"\u001b[39m\n              \u001b[33mclass\u001b[39m=\u001b[32m\"research-dot\"\u001b[39m\n            \u001b[36m/>\u001b[39m\n            \u001b[0mResearch environment\u001b[0m\n          \u001b[36m</div>\u001b[39m\n          \u001b[36m<span>\u001b[39m\n            \u001b[0mNot connected to live trading\u001b[0m\n          \u001b[36m</span>\u001b[39m\n        \u001b[36m</header>\u001b[39m\n        \u001b[36m<main\u001b[39m\n          \u001b[33mid\u001b[39m=\u001b[32m\"main-content\"\u001b[39m\n          \u001b[33mtabindex\u001b[39m=\u001b[32m\"-1\"\u001b[39m\n        \u001b[36m>\u001b[39m\n          \u001b[36m<div\u001b[39m\n            \u001b[33mclass\u001b[39m=\u001b[32m\"page\"\u001b[39m\n          \u001b[36m>\u001b[39m\n            \u001b[36m<header\u001b[39m\n              \u001b[33mclass\u001b[39m=\u001b[32m\"page-header\"\u001b[39m\n            \u001b[36m>\u001b[39m\n              \u001b[36m<div>\u001b[39m\n                \u001b[36m<p\u001b[39m\n                  \u001b[33mclass\u001b[39m=\u001b[32m\"eyebrow\"\u001b[39m\n                \u001b[36m>\u001b[39m\n                  \u001b[0mAlphaPilot\u001b[0m\n                \u001b[36m</p>\u001b[39m\n                \u001b[36m<h1>\u001b[39m\n                  \u001b[0mResearch Decision Dashboard\u001b[0m\n                \u001b[36m</h1>\u001b[39m\n                \u001b[36m<p>\u001b[39m\n                  \u001b[0mReview the most recent backend-generated portfolio plan and its risk context.\u001b[0m\n                \u001b[36m</p>\u001b[39m\n              \u001b[36m</div>\u001b[39m\n              \u001b[36m<span\u001b[39m\n                \u001b[33mclass\u001b[39m=\u001b[32m\"research-label\"\u001b[39m\n              \u001b[36m>\u001b[39m\n                \u001b[0mRESEARCH / DEVELOPMENT\u001b[0m\n              \u001b[36m</span>\u001b[39m\n            \u001b[36m</header>\u001b[39m\n            \u001b[36m<div\u001b[39m\n              \u001b[33mclass\u001b[39m=\u001b[32m\"page-stack research-portfolio-panel\"\u001b[39m\n            \u001b[36m>\u001b[39m\n              \u001b[36m<section\u001b[39m\n                \u001b[33maria-labelledby\u001b[39m=\u001b[32m\"allocation-title\"\u001b[39m\n                \u001b[33mclass\u001b[39m=\u001b[32m\"panel allocation-panel\"\u001b[39m\n              \u001b[36m>\u001b[39m\n                \u001b[36m<div\u001b[39m\n                  \u001b[33mclass\u001b[39m=\u001b[32m\"section-heading\"\u001b[39m\n                \u001b[36m>\u001b[39m\n                  \u001b[36m<div>\u001b[39m\n                    \u001b[36m<p\u001b[39m\n                      \u001b[33mclass\u001b[39m=\u001b[32m\"eyebrow\"\u001b[39m\n                    \u001b[36m>\u001b[39m\n                      \u001b[0mResearch Portfolio Draft\u001b[0m\n                    \u001b[36m</p>\u001b[39m\n                    \u001b[36m<h2\u001b[39m\n                      \u001b[33mid\u001b[39m=\u001b[32m\"allocation-title\"\u001b[39m\n                    \u001b[36m>\u001b[39m\n                      \u001b[0mPortfolio Allocation\u001b[0m\n                    \u001b[36m</h2>\u001b[39m\n                  \u001b[36m</div>\u001b[39m\n                  \u001b[36m<strong>\u001b[39m\n                    \u001b[0m$100,000.00\u001b[0m\n                  \u001b[36m</strong>\u001b[39m\n                \u001b[36m</div>\u001b[39m\n                \u001b[36m<div\u001b[39m\n                  \u001b[33mclass\u001b[39m=\u001b[32m\"allocation-layout\"\u001b[39m\n                \u001b[36m>\u001b[39m\n                  \u001b[36m<svg\u001b[39m\n                    \u001b[33maria-label\u001b[39m=\u001b[32m\"Portfolio value allocation\"\u001b[39m\n                    \u001b[33mclass\u001b[39m=\u001b[32m\"allocation-donut\"\u001b[39m\n                    \u001b[33mrole\u001b[39m=\u001b[32m\"group\"\u001b[39m\n                    \u001b[33mviewBox\u001b[39m=\u001b[32m\"0 0 120 120\"\u001b[39m\n                  \u001b[36m>\u001b[39m\n                    \u001b[36m<circle\u001b[39m\n                      \u001b[33mcx\u001b[39m=\u001b[32m\"60\"\u001b[39m\n                      \u001b[33mcy\u001b[39m=\u001b[32m\"60\"\u001b[39m\n                      \u001b[33mfill\u001b[39m=\u001b[32m\"none\"\u001b[39m\n                      \u001b[33mr\u001b[39m=\u001b[32m\"44\"\u001b[39m\n                      \u001b[33mstroke\u001b[39m=\u001b[32m\"#edf0f4\"\u001b[39m\n                      \u001b[33mstroke-width\u001b[39m=\u001b[32m\"18\"\u001b[39m\n                    \u001b[36m/>\u001b[39m\n                    \u001b[36m<circle\u001b[39m\n                      \u001b[33maria-label\u001b[39m=\u001b[32m\"Cash: $100,000.00, 100.00%\"\u001b[39m\n                      \u001b[33mcx\u001b[39m=\u001b[32m\"60\"\u001b[39m\n                      \u001b[33mcy\u001b[39m=\u001b[32m\"60\"\u001b[39m\n                      \u001b[33mfill\u001b[39m=\u001b[32m\"none\"\u001b[39m\n                      \u001b[33mr\u001b[39m=\u001b[32m\"44\"\u001b[39m\n                      \u001b[33mrole\u001b[39m=\u001b[32m\"img\"\u001b[39m\n                      \u001b[33mstroke\u001b[39m=\u001b[32m\"#c8d0da\"\u001b[39m\n                      \u001b[33mstroke-dasharray\u001b[39m=\u001b[32m\"276.4601535...\n    at Object.getElementError (C:\\Users\\achia\\Projects\\AlphaPilot\\frontend\\node_modules\\@testing-library\\dom\\dist\\config.js:37:19)\n    at C:\\Users\\achia\\Projects\\AlphaPilot\\frontend\\node_modules\\@testing-library\\dom\\dist\\query-helpers.js:76:38\n    at C:\\Users\\achia\\Projects\\AlphaPilot\\frontend\\node_modules\\@testing-library\\dom\\dist\\query-helpers.js:52:17\n    at C:\\Users\\achia\\Projects\\AlphaPilot\\frontend\\node_modules\\@testing-library\\dom\\dist\\query-helpers.js:95:19\n    at C:/Users/achia/Projects/AlphaPilot/frontend/src/pages/DashboardPage.test.tsx:41:17\n    at file:///C:/Users/achia/Projects/AlphaPilot/frontend/node_modules/@vitest/runner/dist/chunk-artifact.js:1903:20"],"meta":{},"tags":[]}],"startTime":1787739410059,"endTime":1787739411427.3386,"status":"failed","message":"","name":"C:/Users/achia/Projects/AlphaPilot/frontend/src/pages/DashboardPage.test.tsx"},{"assertionResults":[{"ancestorTitles":[],"fullName":"single-stock evaluation sends only high-level inputs and separates signal from decision","status":"passed","title":"single-stock evaluation sends only high-level inputs and separates signal from decision","duration":509.2018000000003,"failureMessages":[],"meta":{},"tags":[]},{"ancestorTitles":[],"fullName":"unknown ticker is explicit and no fake onboarding metadata is shown","status":"passed","title":"unknown ticker is explicit and no fake onboarding metadata is shown","duration":262.79800000000023,"failureMessages":[],"meta":{},"tags":[]},{"ancestorTitles":[],"fullName":"STALE_DATA is shown as a deterministic data outcome","status":"passed","title":"STALE_DATA is shown as a deterministic data outcome","duration":133.37239999999974,"failureMessages":[],"meta":{},"tags":[]},{"ancestorTitles":[],"fullName":"NO_DATA is shown as a deterministic data outcome","status":"passed","title":"NO_DATA is shown as a deterministic data outcome","duration":119.91949999999997,"failureMessages":[],"meta":{},"tags":[]},{"ancestorTitles":[],"fullName":"INSUFFICIENT_HISTORY is shown as a deterministic data outcome","status":"passed","title":"INSUFFICIENT_HISTORY is shown as a deterministic data outcome","duration":110.05809999999974,"failureMessages":[],"meta":{},"tags":[]}],"startTime":1787739414057,"endTime":1787739415192.058,"status":"passed","message":"","name":"C:/Users/achia/Projects/AlphaPilot/frontend/src/pages/EvaluatePage.test.tsx"},{"assertionResults":[{"ancestorTitles":[],"fullName":"every plan-affecting form area marks the displayed result stale and regeneration clears it","status":"passed","title":"every plan-affecting form area marks the displayed result stale and regeneration clears it","duration":3404.6873,"failureMessages":[],"meta":{},"tags":[]},{"ancestorTitles":[],"fullName":"failed regeneration leaves the prior plan visible and stale","status":"passed","title":"failed regeneration leaves the prior plan visible and stale","duration":503.076,"failureMessages":[],"meta":{},"tags":[]}],"startTime":1787739410059,"endTime":1787739413967.076,"status":"passed","message":"","name":"C:/Users/achia/Projects/AlphaPilot/frontend/src/pages/PlanDirtyState.test.tsx"},{"assertionResults":[{"ancestorTitles":[],"fullName":"position editor adds and removes a current position","status":"passed","title":"position editor adds and removes a current position","duration":794.0675999999999,"failureMessages":[],"meta":{},"tags":[]},{"ancestorTitles":[],"fullName":"portfolio form reports validation errors without calling the API","status":"passed","title":"portfolio form reports validation errors without calling the API","duration":238.1972999999998,"failureMessages":[],"meta":{},"tags":[]},{"ancestorTitles":[],"fullName":"strategy and sizing choices preserve frozen research configuration","status":"passed","title":"strategy and sizing choices preserve frozen research configuration","duration":224.09310000000005,"failureMessages":[],"meta":{},"tags":[]},{"ancestorTitles":[],"fullName":"strategy, ranking, sizing, date, and scope help is accessible and economically accurate","status":"passed","title":"strategy, ranking, sizing, date, and scope help is accessible and economically accurate","duration":553.6597000000002,"failureMessages":[],"meta":{},"tags":[]},{"ancestorTitles":[],"fullName":"plan request is exact and response renders BUY SELL HOLD SKIP plus dates and statuses","status":"passed","title":"plan request is exact and response renders BUY SELL HOLD SKIP plus dates and statuses","duration":1139.0187999999998,"failureMessages":[],"meta":{},"tags":[]},{"ancestorTitles":[],"fullName":"plan generation has a loading state and prevents duplicate submissions","status":"passed","title":"plan generation has a loading state and prevents duplicate submissions","duration":336.08529999999973,"failureMessages":[],"meta":{},"tags":[]},{"ancestorTitles":[],"fullName":"empty decisions and no approved BUY opportunities are explicit","status":"passed","title":"empty decisions and no approved BUY opportunities are explicit","duration":149.73019999999997,"failureMessages":[],"meta":{},"tags":[]},{"ancestorTitles":[],"fullName":"invalid API responses fail safely with a useful error","status":"passed","title":"invalid API responses fail safely with a useful error","duration":115.88090000000011,"failureMessages":[],"meta":{},"tags":[]},{"ancestorTitles":[],"fullName":"FastAPI 422 validation details are rendered without a raw traceback","status":"passed","title":"FastAPI 422 validation details are rendered without a raw traceback","duration":116.47379999999976,"failureMessages":[],"meta":{},"tags":[]},{"ancestorTitles":[],"fullName":"dense decision and status tables use responsive scroll containers","status":"passed","title":"dense decision and status tables use responsive scroll containers","duration":256.7570999999998,"failureMessages":[],"meta":{},"tags":[]},{"ancestorTitles":[],"fullName":"approved BUY applies exact backend shares and cash once while preserving the clean plan","status":"failed","title":"approved BUY applies exact backend shares and cash once while preserving the clean plan","duration":1198.732,"failureMessages":["TestingLibraryElementError: Unable to find an accessible element with the role \"button\" and name \"Regenerate plan\"\n\nHere are the accessible roles:\n\n  link:\n\n  Name \"Skip to content\":\n  \u001b[36m<a\u001b[39m\n    \u001b[33mclass\u001b[39m=\u001b[32m\"skip-link\"\u001b[39m\n    \u001b[33mhref\u001b[39m=\u001b[32m\"#main-content\"\u001b[39m\n  \u001b[36m/>\u001b[39m\n\n  Name \"Dashboard\":\n  \u001b[36m<a\u001b[39m\n    \u001b[33mclass\u001b[39m=\u001b[32m\"\"\u001b[39m\n    \u001b[33mdata-discover\u001b[39m=\u001b[32m\"true\"\u001b[39m\n    \u001b[33mhref\u001b[39m=\u001b[32m\"/\"\u001b[39m\n  \u001b[36m/>\u001b[39m\n\n  Name \"Portfolio plan\":\n  \u001b[36m<a\u001b[39m\n    \u001b[33maria-current\u001b[39m=\u001b[32m\"page\"\u001b[39m\n    \u001b[33mclass\u001b[39m=\u001b[32m\"active\"\u001b[39m\n    \u001b[33mdata-discover\u001b[39m=\u001b[32m\"true\"\u001b[39m\n    \u001b[33mhref\u001b[39m=\u001b[32m\"/portfolio\"\u001b[39m\n  \u001b[36m/>\u001b[39m\n\n  Name \"Evaluate stock\":\n  \u001b[36m<a\u001b[39m\n    \u001b[33mclass\u001b[39m=\u001b[32m\"\"\u001b[39m\n    \u001b[33mdata-discover\u001b[39m=\u001b[32m\"true\"\u001b[39m\n    \u001b[33mhref\u001b[39m=\u001b[32m\"/evaluate\"\u001b[39m\n  \u001b[36m/>\u001b[39m\n\n  Name \"Research settings\":\n  \u001b[36m<a\u001b[39m\n    \u001b[33mclass\u001b[39m=\u001b[32m\"\"\u001b[39m\n    \u001b[33mdata-discover\u001b[39m=\u001b[32m\"true\"\u001b[39m\n    \u001b[33mhref\u001b[39m=\u001b[32m\"/settings\"\u001b[39m\n  \u001b[36m/>\u001b[39m\n\n  Name \"Data Management Locked\":\n  \u001b[36m<a\u001b[39m\n    \u001b[33mclass\u001b[39m=\u001b[32m\"\"\u001b[39m\n    \u001b[33mdata-discover\u001b[39m=\u001b[32m\"true\"\u001b[39m\n    \u001b[33mhref\u001b[39m=\u001b[32m\"/admin/data\"\u001b[39m\n  \u001b[36m/>\u001b[39m\n\n  Name \"Go to Data Management\":\n  \u001b[36m<a\u001b[39m\n    \u001b[33mclass\u001b[39m=\u001b[32m\"button button--secondary button--small\"\u001b[39m\n    \u001b[33mdata-discover\u001b[39m=\u001b[32m\"true\"\u001b[39m\n    \u001b[33mhref\u001b[39m=\u001b[32m\"/admin/data\"\u001b[39m\n  \u001b[36m/>\u001b[39m\n\n  --------------------------------------------------\n  complementary:\n\n  Name \"\":\n  \u001b[36m<aside\u001b[39m\n    \u001b[33mclass\u001b[39m=\u001b[32m\"sidebar\"\u001b[39m\n  \u001b[36m/>\u001b[39m\n\n  --------------------------------------------------\n  img:\n\n  Name \"AlphaPilot\":\n  \u001b[36m<img\u001b[39m\n    \u001b[33malt\u001b[39m=\u001b[32m\"AlphaPilot\"\u001b[39m\n    \u001b[33mclass\u001b[39m=\u001b[32m\"brand__logo\"\u001b[39m\n    \u001b[33msrc\u001b[39m=\u001b[32m\"/src/assets/images/alphapilot-logo.png\"\u001b[39m\n  \u001b[36m/>\u001b[39m\n\n  --------------------------------------------------\n  navigation:\n\n  Name \"Primary navigation\":\n  \u001b[36m<nav\u001b[39m\n    \u001b[33maria-label\u001b[39m=\u001b[32m\"Primary navigation\"\u001b[39m\n  \u001b[36m/>\u001b[39m\n\n  --------------------------------------------------\n  paragraph:\n\n  Name \"\":\n  \u001b[36m<p />\u001b[39m\n\n  Name \"\":\n  \u001b[36m<p\u001b[39m\n    \u001b[33mclass\u001b[39m=\u001b[32m\"eyebrow\"\u001b[39m\n  \u001b[36m/>\u001b[39m\n\n  Name \"\":\n  \u001b[36m<p />\u001b[39m\n\n  Name \"\":\n  \u001b[36m<p\u001b[39m\n    \u001b[33mclass\u001b[39m=\u001b[32m\"eyebrow\"\u001b[39m\n  \u001b[36m/>\u001b[39m\n\n  Name \"\":\n  \u001b[36m<p\u001b[39m\n    \u001b[33mclass\u001b[39m=\u001b[32m\"eyebrow\"\u001b[39m\n  \u001b[36m/>\u001b[39m\n\n  Name \"\":\n  \u001b[36m<p />\u001b[39m\n\n  Name \"\":\n  \u001b[36m<p\u001b[39m\n    \u001b[33mclass\u001b[39m=\u001b[32m\"eyebrow\"\u001b[39m\n  \u001b[36m/>\u001b[39m\n\n  Name \"\":\n  \u001b[36m<p\u001b[39m\n    \u001b[33mclass\u001b[39m=\u001b[32m\"eyebrow\"\u001b[39m\n  \u001b[36m/>\u001b[39m\n\n  Name \"\":\n  \u001b[36m<p />\u001b[39m\n\n  Name \"\":\n  \u001b[36m<p\u001b[39m\n    \u001b[33mclass\u001b[39m=\u001b[32m\"muted\"\u001b[39m\n  \u001b[36m/>\u001b[39m\n\n  Name \"\":\n  \u001b[36m<p\u001b[39m\n    \u001b[33mclass\u001b[39m=\u001b[32m\"eyebrow\"\u001b[39m\n  \u001b[36m/>\u001b[39m\n\n  Name \"\":\n  \u001b[36m<p\u001b[39m\n    \u001b[33mclass\u001b[39m=\u001b[32m\"metric-card__value\"\u001b[39m\n  \u001b[36m/>\u001b[39m\n\n  Name \"\":\n  \u001b[36m<p\u001b[39m\n    \u001b[33mclass\u001b[39m=\u001b[32m\"metric-card__value\"\u001b[39m\n  \u001b[36m/>\u001b[39m\n\n  Name \"\":\n  \u001b[36m<p\u001b[39m\n    \u001b[33mclass\u001b[39m=\u001b[32m\"metric-card__detail\"\u001b[39m\n  \u001b[36m/>\u001b[39m\n\n  Name \"\":\n  \u001b[36m<p\u001b[39m\n    \u001b[33mclass\u001b[39m=\u001b[32m\"metric-card__value\"\u001b[39m\n  \u001b[36m/>\u001b[39m\n\n  Name \"\":\n  \u001b[36m<p\u001b[39m\n    \u001b[33mclass\u001b[39m=\u001b[32m\"metric-card__detail\"\u001b[39m\n  \u001b[36m/>\u001b[39m\n\n  Name \"\":\n  \u001b[36m<p\u001b[39m\n    \u001b[33mclass\u001b[39m=\u001b[32m\"metric-card__value\"\u001b[39m\n  \u001b[36m/>\u001b[39m\n\n  Name \"\":\n  \u001b[36m<p\u001b[39m\n    \u001b[33mclass\u001b[39m=\u001b[32m\"metric-card__detail\"\u001b[39m\n  \u001b[36m/>\u001b[39m\n\n  Name \"\":\n  \u001b[36m<p\u001b[39m\n    \u001b[33mclass\u001b[39m=\u001b[32m\"metric-card__value\"\u001b[39m\n  \u001b[36m/>\u001b[39m\n\n  Name \"\":\n  \u001b[36m<p\u001b[39m\n    \u001b[33mclass\u001b[39m=\u001b[32m\"metric-card__detail\"\u001b[39m\n  \u001b[36m/>\u001b[39m\n\n  Name \"\":\n  \u001b[36m<p\u001b[39m\n    \u001b[33mclass\u001b[39m=\u001b[32m\"metric-card__value\"\u001b[39m\n  \u001b[36m/>\u001b[39m\n\n  Name \"\":\n  \u001b[36m<p\u001b[39m\n    \u001b[33mclass\u001b[39m=\u001b[32m\"eyebrow\"\u001b[39m\n  \u001b[36m/>\u001b[39m\n\n  Name \"\":\n  \u001b[36m<p\u001b[39m\n    \u001b[33mclass\u001b[39m=\u001b[32m\"eyebrow\"\u001b[39m\n  \u001b[36m/>\u001b[39m\n\n  Name \"\":\n  \u001b[36m<p\u001b[39m\n    \u001b[33mclass\u001b[39m=\u001b[32m\"muted category-note\"\u001b[39m\n  \u001b[36m/>\u001b[39m\n\n  Name \"\":\n  \u001b[36m<p\u001b[39m\n    \u001b[33mclass\u001b[39m=\u001b[32m\"ordering-note\"\u001b[39m\n  \u001b[36m/>\u001b[39m\n\n  Name \"\":\n  \u001b[36m<p />\u001b[39m\n\n  Name \"\":\n  \u001b[36m<p\u001b[39m\n    \u001b[33mclass\u001b[39m=\u001b[32m\"eyebrow\"\u001b[39m\n  \u001b[36m/>\u001b[39m\n\n  Name \"\":\n  \u001b[36m<p\u001b[39m\n    \u001b[33mclass\u001b[39m=\u001b[32m\"inline-note\"\u001b[39m\n  \u001b[36m/>\u001b[39m\n\n  --------------------------------------------------\n  banner:\n\n  Name \"\":\n  \u001b[36m<header\u001b[39m\n    \u001b[33mclass\u001b[39m=\u001b[32m\"topbar\"\u001b[39m\n  \u001b[36m/>\u001b[39m\n\n  Name \"\":\n  \u001b[36m<header\u001b[39m\n    \u001b[33mclass\u001b[39m=\u001b[32m\"page-header\"\u001b[39m\n  \u001b[36m/>\u001b[39m\n\n  --------------------------------------------------\n  main:\n\n  Name \"\":\n  \u001b[36m<main\u001b[39m\n    \u001b[33mid\u001b[39m=\u001b[32m\"main-content\"\u001b[39m\n    \u001b[33mtabindex\u001b[39m=\u001b[32m\"-1\"\u001b[39m\n  \u001b[36m/>\u001b[39m\n\n  --------------------------------------------------\n  heading:\n\n  Name \"Portfolio Plan\":\n  \u001b[36m<h1 />\u001b[39m\n\n  Name \"Portfolio input\":\n  \u001b[36m<h2\u001b[39m\n    \u001b[33mid\u001b[39m=\u001b[32m\"portfolio-input-title\"\u001b[39m\n  \u001b[36m/>\u001b[39m\n\n  Name \"Positions\":\n  \u001b[36m<h3 />\u001b[39m\n\n  Name \"Plan configuration\":\n  \u001b[36m<h2\u001b[39m\n    \u001b[33mid\u001b[39m=\u001b[32m\"plan-config-title\"\u001b[39m\n  \u001b[36m/>\u001b[39m\n\n  Name \"Portfolio plan generated\":\n  \u001b[36m<h2\u001b[39m\n    \u001b[33mid\u001b[39m=\u001b[32m\"plan-result-title\"\u001b[39m\n  \u001b[36m/>\u001b[39m\n\n  Name \"Partial analysis coverage\":\n  \u001b[36m<h2\u001b[39m\n    \u001b[33mid\u001b[39m=\u001b[32m\"readiness-title\"\u001b[39m\n  \u001b[36m/>\u001b[39m\n\n  Name \"Analysis portfolio summary\":\n  \u001b[36m<h2\u001b[39m\n    \u001b[33mid\u001b[39m=\u001b[32m\"portfolio-summary-title\"\u001b[39m\n  \u001b[36m/>\u001b[39m\n\n  Name \"Positions when analyzed\":\n  \u001b[36m<h2\u001b[39m\n    \u001b[33mid\u001b[39m=\u001b[32m\"positions-title\"\u001b[39m\n  \u001b[36m/>\u001b[39m\n\n  Name \"Opportunities & Decisions\":\n  \u001b[36m<h2\u001b[39m\n    \u001b[33mid\u001b[39m=\u001b[32m\"decisions-title\"\u001b[39m\n  \u001b[36m/>\u001b[39m\n\n  Name \"Risk & allocation constraints\":\n  \u001b[36m<h2\u001b[39m\n    \u001b[33mclass\u001b[39m=\u001b[32m\"heading-with-help\"\u001b[39m\n    \u001b[33mid\u001b[39m=\u001b[32m\"risk-summary-title\"\u001b[39m\n  \u001b[36m/>\u001b[39m\n\n  --------------------------------------------------\n  region:\n\n  Name \"Portfolio input\":\n  \u001b[36m<section\u001b[39m\n    \u001b[33maria-labelledby\u001b[39m=\u001b[32m\"portfolio-input-title\"\u001b[39m\n    \u001b[33mclass\u001b[39m=\u001b[32m\"panel form-section\"\u001b[39m\n  \u001b[36m/>\u001b[39m\n\n  Name \"Plan configuration\":\n  \u001b[36m<section\u001b[39m\n    \u001b[33maria-labelledby\u001b[39m=\u001b[32m\"plan-config-title\"\u001b[39m\n    \u001b[33mclass\u001b[39m=\u001b[32m\"panel form-section\"\u001b[39m\n  \u001b[36m/>\u001b[39m\n\n  Name \"Portfolio plan generated\":\n  \u001b[36m<section\u001b[39m\n    \u001b[33maria-labelledby\u001b[39m=\u001b[32m\"plan-result-title\"\u001b[39m\n    \u001b[33mclass\u001b[39m=\u001b[32m\"result-banner\"\u001b[39m\n  \u001b[36m/>\u001b[39m\n\n  Name \"Partial analysis coverage\":\n  \u001b[36m<section\u001b[39m\n    \u001b[33maria-labelledby\u001b[39m=\u001b[32m\"readiness-title\"\u001b[39m\n    \u001b[33mclass\u001b[39m=\u001b[32m\"readiness-banner readiness-banner--partial_data\"\u001b[39m\n  \u001b[36m/>\u001b[39m\n\n  Name \"Analysis portfolio summary\":\n  \u001b[36m<section\u001b[39m\n    \u001b[33maria-labelledby\u001b[39m=\u001b[32m\"portfolio-summary-title\"\u001b[39m\n  \u001b[36m/>\u001b[39m\n\n  Name \"Positions when analyzed\":\n  \u001b[36m<section\u001b[39m\n    \u001b[33maria-labelledby\u001b[39m=\u001b[32m\"positions-title\"\u001b[39m\n  \u001b[36m/>\u001b[39m\n\n  Name \"Opportunities & Decisions\":\n  \u001b[36m<section\u001b[39m\n    \u001b[33maria-labelledby\u001b[39m=\u001b[32m\"decisions-title\"\u001b[39m\n  \u001b[36m/>\u001b[39m\n\n  Name \"Risk & allocation constraints\":\n  \u001b[36m<section\u001b[39m\n    \u001b[33maria-labelledby\u001b[39m=\u001b[32m\"risk-summary-title\"\u001b[39m\n    \u001b[33mclass\u001b[39m=\u001b[32m\"panel\"\u001b[39m\n  \u001b[36m/>\u001b[39m\n\n  --------------------------------------------------\n  textbox:\n\n  Name \"Cash (USD)\":\n  \u001b[36m<input\u001b[39m\n    \u001b[33maria-invalid\u001b[39m=\u001b[32m\"false\"\u001b[39m\n    \u001b[33minputmode\u001b[39m=\u001b[32m\"decimal\"\u001b[39m\n    \u001b[33mvalue\u001b[39m=\u001b[32m\"90100\"\u001b[39m\n  \u001b[36m/>\u001b[39m\n\n  Name \"Ticker\":\n  \u001b[36m<input\u001b[39m\n    \u001b[33mmaxlength\u001b[39m=\u001b[32m\"10\"\u001b[39m\n    \u001b[33mvalue\u001b[39m=\u001b[32m\"NVDA\"\u001b[39m\n  \u001b[36m/>\u001b[39m\n\n  Name \"Reference price\":\n  \u001b[36m<input\u001b[39m\n    \u001b[33minputmode\u001b[39m=\u001b[32m\"decimal\"\u001b[39m\n    \u001b[33mvalue\u001b[39m=\u001b[32m\"180\"\u001b[39m\n  \u001b[36m/>\u001b[39m\n\n  Name \"Cost basis (optional)\":\n  \u001b[36m<input\u001b[39m\n    \u001b[33minputmode\u001b[39m=\u001b[32m\"decimal\"\u001b[39m\n    \u001b[33mvalue\u001b[39m=\u001b[32m\"180\"\u001b[39m\n  \u001b[36m/>\u001b[39m\n\n  Name \"Optional ticker scope\":\n  \u001b[36m<input\u001b[39m\n    \u001b[33maria-label\u001b[39m=\u001b[32m\"Optional ticker scope\"\u001b[39m\n    \u001b[33mplaceholder\u001b[39m=\u001b[32m\"AAPL, MSFT, NVDA — blank uses active S&P 500\"\u001b[39m\n    \u001b[33mvalue\u001b[39m=\u001b[32m\"\"\u001b[39m\n  \u001b[36m/>\u001b[39m\n\n  Name \"Search ticker or company\":\n  \u001b[36m<input\u001b[39m\n    \u001b[33mvalue\u001b[39m=\u001b[32m\"\"\u001b[39m\n  \u001b[36m/>\u001b[39m\n\n  --------------------------------------------------\n  button:\n\n  Name \"About requested analysis date\":\n  \u001b[36m<span\u001b[39m\n    \u001b[33maria-expanded\u001b[39m=\u001b[32m\"false\"\u001b[39m\n    \u001b[33maria-label\u001b[39m=\u001b[32m\"About requested analysis date\"\u001b[39m\n    \u001b[33mclass\u001b[39m=\u001b[32m\"info-tooltip__trigger\"\u001b[39m\n    \u001b[33mrole\u001b[39m=\u001b[32m\"button\"\u001b[39m\n    \u001b[33mtabindex\u001b[39m=\u001b[32m\"0\"\u001b[39m\n  \u001b[36m/>\u001b[39m\n\n  Name \"Add position\":\n  \u001b[36m<button\u001b[39m\n    \u001b[33mclass\u001b[39m=\u001b[32m\"button button--secondary button--small\"\u001b[39m\n    \u001b[33mtype\u001b[39m=\u001b[32m\"button\"\u001b[39m\n  \u001b[36m/>\u001b[39m\n\n  Name \"Remove NVDA\":\n  \u001b[36m<button\u001b[39m\n    \u001b[33maria-label\u001b[39m=\u001b[32m\"Remove NVDA\"\u001b[39m\n    \u001b[33mclass\u001b[39m=\u001b[32m\"icon-button\"\u001b[39m\n    \u001b[33mtype\u001b[39m=\u001b[32m\"button\"\u001b[39m\n  \u001b[36m/>\u001b[39m\n\n  Name \"About strategy choices\":\n  \u001b[36m<span\u001b[39m\n    \u001b[33maria-expanded\u001b[39m=\u001b[32m\"false\"\u001b[39m\n    \u001b[33maria-label\u001b[39m=\u001b[32m\"About strategy choices\"\u001b[39m\n    \u001b[33mclass\u001b[39m=\u001b[32m\"info-tooltip__trigger\"\u001b[39m\n    \u001b[33mrole\u001b[39m=\u001b[32m\"button\"\u001b[39m\n    \u001b[33mtabindex\u001b[39m=\u001b[32m\"0\"\u001b[39m\n  \u001b[36m/>\u001b[39m\n\n  Name \"About selection policy\":\n  \u001b[36m<span\u001b[39m\n    \u001b[33maria-expanded\u001b[39m=\u001b[32m\"false\"\u001b[39m\n    \u001b[33maria-label\u001b[39m=\u001b[32m\"About selection policy\"\u001b[39m\n    \u001b[33mclass\u001b[39m=\u001b[32m\"info-tooltip__trigger\"\u001b[39m\n    \u001b[33mrole\u001b[39m=\u001b[32m\"button\"\u001b[39m\n    \u001b[33mtabindex\u001b[39m=\u001b[32m\"0\"\u001b[39m\n  \u001b[36m/>\u001b[39m\n\n  Name \"About sizing policy\":\n  \u001b[36m<span\u001b[39m\n    \u001b[33maria-expanded\u001b[39m=\u001b[32m\"false\"\u001b[39m\n    \u001b[33maria-label\u001b[39m=\u001b[32m\"About sizing policy\"\u001b[39m\n    \u001b[33mclass\u001b[39m=\u001b[32m\"info-tooltip__trigger\"\u001b[39m\n    \u001b[33mrole\u001b[39m=\u001b[32m\"button\"\u001b[39m\n    \u001b[33mtabindex\u001b[39m=\u001b[32m\"0\"\u001b[39m\n  \u001b[36m/>\u001b[39m\n\n  Name \"About optional ticker scope\":\n  \u001b[36m<span\u001b[39m\n    \u001b[33maria-expanded\u001b[39m=\u001b[32m\"false\"\u001b[39m\n    \u001b[33maria-label\u001b[39m=\u001b[32m\"About optional ticker scope\"\u001b[39m\n    \u001b[33mclass\u001b[39m=\u001b[32m\"info-tooltip__trigger\"\u001b[39m\n    \u001b[33mrole\u001b[39m=\u001b[32m\"button\"\u001b[39m\n    \u001b[33mtabindex\u001b[39m=\u001b[32m\"0\"\u001b[39m\n  \u001b[36m/>\u001b[39m\n\n  Name \"Generate Portfolio Plan\":\n  \u001b[36m<button\u001b[39m\n    \u001b[33mclass\u001b[39m=\u001b[32m\"button button--primary\"\u001b[39m\n    \u001b[33mtype\u001b[39m=\u001b[32m\"submit\"\u001b[39m\n  \u001b[36m/>\u001b[39m\n\n  Name \"About Modeled risk\":\n  \u001b[36m<span\u001b[39m\n    \u001b[33maria-expanded\u001b[39m=\u001b[32m\"false\"\u001b[39m\n    \u001b[33maria-label\u001b[39m=\u001b[32m\"About Modeled risk\"\u001b[39m\n    \u001b[33mclass\u001b[39m=\u001b[32m\"info-tooltip__trigger\"\u001b[39m\n    \u001b[33mrole\u001b[39m=\u001b[32m\"button\"\u001b[39m\n    \u001b[33mtabindex\u001b[39m=\u001b[32m\"0\"\u001b[39m\n  \u001b[36m/>\u001b[39m\n\n  Name \"About Available modeled risk\":\n  \u001b[36m<span\u001b[39m\n    \u001b[33maria-expanded\u001b[39m=\u001b[32m\"false\"\u001b[39m\n    \u001b[33maria-label\u001b[39m=\u001b[32m\"About Available modeled risk\"\u001b[39m\n    \u001b[33mclass\u001b[39m=\u001b[32m\"info-tooltip__trigger\"\u001b[39m\n    \u001b[33mrole\u001b[39m=\u001b[32m\"button\"\u001b[39m\n    \u001b[33mtabindex\u001b[39m=\u001b[32m\"0\"\u001b[39m\n  \u001b[36m/>\u001b[39m\n\n  Name \"About opportunity ordering\":\n  \u001b[36m<span\u001b[39m\n    \u001b[33maria-expanded\u001b[39m=\u001b[32m\"false\"\u001b[39m\n    \u001b[33maria-label\u001b[39m=\u001b[32m\"About opportunity ordering\"\u001b[39m\n    \u001b[33mclass\u001b[39m=\u001b[32m\"info-tooltip__trigger\"\u001b[39m\n    \u001b[33mrole\u001b[39m=\u001b[32m\"button\"\u001b[39m\n    \u001b[33mtabindex\u001b[39m=\u001b[32m\"0\"\u001b[39m\n  \u001b[36m/>\u001b[39m\n\n  Name \"About strategy signal\":\n  \u001b[36m<span\u001b[39m\n    \u001b[33maria-expanded\u001b[39m=\u001b[32m\"false\"\u001b[39m\n    \u001b[33maria-label\u001b[39m=\u001b[32m\"About strategy signal\"\u001b[39m\n    \u001b[33mclass\u001b[39m=\u001b[32m\"info-tooltip__trigger\"\u001b[39m\n    \u001b[33mrole\u001b[39m=\u001b[32m\"button\"\u001b[39m\n    \u001b[33mtabindex\u001b[39m=\u001b[32m\"0\"\u001b[39m\n  \u001b[36m/>\u001b[39m\n\n  Name \"About portfolio decision\":\n  \u001b[36m<span\u001b[39m\n    \u001b[33maria-expanded\u001b[39m=\u001b[32m\"false\"\u001b[39m\n    \u001b[33maria-label\u001b[39m=\u001b[32m\"About portfolio decision\"\u001b[39m\n    \u001b[33mclass\u001b[39m=\u001b[32m\"info-tooltip__trigger\"\u001b[39m\n    \u001b[33mrole\u001b[39m=\u001b[32m\"button\"\u001b[39m\n    \u001b[33mtabindex\u001b[39m=\u001b[32m\"0\"\u001b[39m\n  \u001b[36m/>\u001b[39m\n\n  Name \"About RS20 score\":\n  \u001b[36m<span\u001b[39m\n    \u001b[33maria-expanded\u001b[39m=\u001b[32m\"false\"\u001b[39m\n    \u001b[33maria-label\u001b[39m=\u001b[32m\"About RS20 score\"\u001b[39m\n    \u001b[33mclass\u001b[39m=\u001b[32m\"info-tooltip__trigger\"\u001b[39m\n    \u001b[33mrole\u001b[39m=\u001b[32m\"button\"\u001b[39m\n    \u001b[33mtabindex\u001b[39m=\u001b[32m\"0\"\u001b[39m\n  \u001b[36m/>\u001b[39m\n\n  Name \"About proposed allocation\":\n  \u001b[36m<span\u001b[39m\n    \u001b[33maria-expanded\u001b[39m=\u001b[32m\"false\"\u001b[39m\n    \u001b[33maria-label\u001b[39m=\u001b[32m\"About proposed allocation\"\u001b[39m\n    \u001b[33mclass\u001b[39m=\u001b[32m\"info-tooltip__trigger\"\u001b[39m\n    \u001b[33mrole\u001b[39m=\u001b[32m\"button\"\u001b[39m\n    \u001b[33mtabindex\u001b[39m=\u001b[32m\"0\"\u001b[39m\n  \u001b[36m/>\u001b[39m\n\n  Name \"About decision reason\":\n  \u001b[36m<span\u001b[39m\n    \u001b[33maria-expanded\u001b[39m=\u001b[32m\"false\"\u001b[39m\n    \u001b[33maria-label\u001b[39m=\u001b[32m\"About decision reason\"\u001b[39m\n    \u001b[33mclass\u001b[39m=\u001b[32m\"info-tooltip__trigger\"\u001b[39m\n    \u001b[33mrole\u001b[39m=\u001b[32m\"button\"\u001b[39m\n    \u001b[33mtabindex\u001b[39m=\u001b[32m\"0\"\u001b[39m\n  \u001b[36m/>\u001b[39m\n\n  Name \"Applied\":\n  \u001b[36m<button\u001b[39m\n    \u001b[33mclass\u001b[39m=\u001b[32m\"button button--primary button--small\"\u001b[39m\n    \u001b[33mdisabled\u001b[39m=\u001b[32m\"\"\u001b[39m\n    \u001b[33mtype\u001b[39m=\u001b[32m\"button\"\u001b[39m\n  \u001b[36m/>\u001b[39m\n\n  Name \"About Candidate rank\":\n  \u001b[36m<span\u001b[39m\n    \u001b[33maria-expanded\u001b[39m=\u001b[32m\"false\"\u001b[39m\n    \u001b[33maria-label\u001b[39m=\u001b[32m\"About Candidate rank\"\u001b[39m\n    \u001b[33mclass\u001b[39m=\u001b[32m\"info-tooltip__trigger\"\u001b[39m\n    \u001b[33mrole\u001b[39m=\u001b[32m\"button\"\u001b[39m\n    \u001b[33mtabindex\u001b[39m=\u001b[32m\"0\"\u001b[39m\n  \u001b[36m/>\u001b[39m\n\n  Name \"About Reference price\":\n  \u001b[36m<span\u001b[39m\n    \u001b[33maria-expanded\u001b[39m=\u001b[32m\"false\"\u001b[39m\n    \u001b[33maria-label\u001b[39m=\u001b[32m\"About Reference price\"\u001b[39m\n    \u001b[33mclass\u001b[39m=\u001b[32m\"info-tooltip__trigger\"\u001b[39m\n    \u001b[33mrole\u001b[39m=\u001b[32m\"button\"\u001b[39m\n    \u001b[33mtabindex\u001b[39m=\u001b[32m\"0\"\u001b[39m\n  \u001b[36m/>\u001b[39m\n\n  Name \"About ATR14\":\n  \u001b[36m<span\u001b[39m\n    \u001b[33maria-expanded\u001b[39m=\u001b[32m\"false\"\u001b[39m\n    \u001b[33maria-label\u001b[39m=\u001b[32m\"About ATR14\"\u001b[39m\n    \u001b[33mclass\u001b[39m=\u001b[32m\"info-tooltip__trigger\"\u001b[39m\n    \u001b[33mrole\u001b[39m=\u001b[32m\"button\"\u001b[39m\n    \u001b[33mtabindex\u001b[39m=\u001b[32m\"0\"\u001b[39m\n  \u001b[36m/>\u001b[39m\n\n  Name \"About Modeled stop distance\":\n  \u001b[36m<span\u001b[39m\n    \u001b[33maria-expanded\u001b[39m=\u001b[32m\"false\"\u001b[39m\n    \u001b[33maria-label\u001b[39m=\u001b[32m\"About Modeled stop distance\"\u001b[39m\n    \u001b[33mclass\u001b[39m=\u001b[32m\"info-tooltip__trigger\"\u001b[39m\n    \u001b[33mrole\u001b[39m=\u001b[32m\"button\"\u001b[39m\n    \u001b[33mtabindex\u001b[39m=\u001b[32m\"0\"\u001b[39m\n  \u001b[36m/>\u001b[39m\n\n  Name \"About Research stop reference\":\n  \u001b[36m<span\u001b[39m\n    \u001b[33maria-expanded\u001b[39m=\u001b[32m\"false\"\u001b[39m\n    \u001b[33maria-label\u001b[39m=\u001b[32m\"About Research stop reference\"\u001b[39m\n    \u001b[33mclass\u001b[39m=\u001b[32m\"info-tooltip__trigger\"\u001b[39m\n    \u001b[33mrole\u001b[39m=\u001b[32m\"button\"\u001b[39m\n    \u001b[33mtabindex\u001b[39m=\u001b[32m\"0\"\u001b[39m\n  \u001b[36m/>\u001b[39m\n\n  Name \"About Proposed shares\":\n  \u001b[36m<span\u001b[39m\n    \u001b[33maria-expanded\u001b[39m=\u001b[32m\"false\"\u001b[39m\n    \u001b[33maria-label\u001b[39m=\u001b[32m\"About Proposed shares\"\u001b[39m\n    \u001b[33mclass\u001b[39m=\u001b[32m\"info-tooltip__trigger\"\u001b[39m\n    \u001b[33mrole\u001b[39m=\u001b[32m\"button\"\u001b[39m\n    \u001b[33mtabindex\u001b[39m=\u001b[32m\"0\"\u001b[39m\n  \u001b[36m/>\u001b[39m\n\n  Name \"About Proposed allocation\":\n  \u001b[36m<span\u001b[39m\n    \u001b[33maria-expanded\u001b[39m=\u001b[32m\"false\"\u001b[39m\n    \u001b[33maria-label\u001b[39m=\u001b[32m\"About Proposed allocation\"\u001b[39m\n    \u001b[33mclass\u001b[39m=\u001b[32m\"info-tooltip__trigger\"\u001b[39m\n    \u001b[33mrole\u001b[39m=\u001b[32m\"button\"\u001b[39m\n    \u001b[33mtabindex\u001b[39m=\u001b[32m\"0\"\u001b[39m\n  \u001b[36m/>\u001b[39m\n\n  Name \"About Estimated cash outlay\":\n  \u001b[36m<span\u001b[39m\n    \u001b[33maria-expanded\u001b[39m=\u001b[32m\"false\"\u001b[39m\n    \u001b[33maria-label\u001b[39m=\u001b[32m\"About Estimated cash outlay\"\u001b[39m\n    \u001b[33mclass\u001b[39m=\
[...]
<tr />\u001b[39m\n\n  --------------------------------------------------\n  columnheader:\n\n  Name \"Ticker\":\n  \u001b[36m<th\u001b[39m\n    \u001b[33mscope\u001b[39m=\u001b[32m\"col\"\u001b[39m\n  \u001b[36m/>\u001b[39m\n\n  Name \"Shares\":\n  \u001b[36m<th\u001b[39m\n    \u001b[33mscope\u001b[39m=\u001b[32m\"col\"\u001b[39m\n  \u001b[36m/>\u001b[39m\n\n  Name \"Reference\":\n  \u001b[36m<th\u001b[39m\n    \u001b[33mscope\u001b[39m=\u001b[32m\"col\"\u001b[39m\n  \u001b[36m/>\u001b[39m\n\n  Name \"Market value\":\n  \u001b[36m<th\u001b[39m\n    \u001b[33mscope\u001b[39m=\u001b[32m\"col\"\u001b[39m\n  \u001b[36m/>\u001b[39m\n\n  Name \"Weight\":\n  \u001b[36m<th\u001b[39m\n    \u001b[33mscope\u001b[39m=\u001b[32m\"col\"\u001b[39m\n  \u001b[36m/>\u001b[39m\n\n  Name \"Sector\":\n  \u001b[36m<th\u001b[39m\n    \u001b[33mscope\u001b[39m=\u001b[32m\"col\"\u001b[39m\n  \u001b[36m/>\u001b[39m\n\n  --------------------------------------------------\n  rowheader:\n\n  Name \"MSFT\":\n  \u001b[36m<th\u001b[39m\n    \u001b[33mscope\u001b[39m=\u001b[32m\"row\"\u001b[39m\n  \u001b[36m/>\u001b[39m\n\n  Name \"JNJ\":\n  \u001b[36m<th\u001b[39m\n    \u001b[33mscope\u001b[39m=\u001b[32m\"row\"\u001b[39m\n  \u001b[36m/>\u001b[39m\n\n  --------------------------------------------------\n  cell:\n\n  Name \"100\":\n  \u001b[36m<td />\u001b[39m\n\n  Name \"$400.00\":\n  \u001b[36m<td />\u001b[39m\n\n  Name \"$40,000.00\":\n  \u001b[36m<td />\u001b[39m\n\n  Name \"40.00%\":\n  \u001b[36m<td />\u001b[39m\n\n  Name \"Information Technology\":\n  \u001b[36m<td />\u001b[39m\n\n  Name \"200\":\n  \u001b[36m<td />\u001b[39m\n\n  Name \"$150.00\":\n  \u001b[36m<td />\u001b[39m\n\n  Name \"$30,000.00\":\n  \u001b[36m<td />\u001b[39m\n\n  Name \"30.00%\":\n  \u001b[36m<td />\u001b[39m\n\n  Name \"Health Care\":\n  \u001b[36m<td />\u001b[39m\n\n  --------------------------------------------------\n  tablist:\n\n  Name \"Opportunity categories\":\n  \u001b[36m<div\u001b[39m\n    \u001b[33maria-label\u001b[39m=\u001b[32m\"Opportunity categories\"\u001b[39m\n    \u001b[33mclass\u001b[39m=\u001b[32m\"tab-list\"\u001b[39m\n    \u001b[33mrole\u001b[39m=\u001b[32m\"tablist\"\u001b[39m\n  \u001b[36m/>\u001b[39m\n\n  --------------------------------------------------\n  tab:\n\n  Name \"Approved Buys 1\":\n  \u001b[36m<button\u001b[39m\n    \u001b[33maria-selected\u001b[39m=\u001b[32m\"true\"\u001b[39m\n    \u001b[33mclass\u001b[39m=\u001b[32m\"tab is-active\"\u001b[39m\n    \u001b[33mrole\u001b[39m=\u001b[32m\"tab\"\u001b[39m\n    \u001b[33mtype\u001b[39m=\u001b[32m\"button\"\u001b[39m\n  \u001b[36m/>\u001b[39m\n\n  Name \"Approved Sells 1\":\n  \u001b[36m<button\u001b[39m\n    \u001b[33maria-selected\u001b[39m=\u001b[32m\"false\"\u001b[39m\n    \u001b[33mclass\u001b[39m=\u001b[32m\"tab\"\u001b[39m\n    \u001b[33mrole\u001b[39m=\u001b[32m\"tab\"\u001b[39m\n    \u001b[33mtype\u001b[39m=\u001b[32m\"button\"\u001b[39m\n  \u001b[36m/>\u001b[39m\n\n  Name \"Sell Signals 1\":\n  \u001b[36m<button\u001b[39m\n    \u001b[33maria-selected\u001b[39m=\u001b[32m\"false\"\u001b[39m\n    \u001b[33mclass\u001b[39m=\u001b[32m\"tab\"\u001b[39m\n    \u001b[33mrole\u001b[39m=\u001b[32m\"tab\"\u001b[39m\n    \u001b[33mtype\u001b[39m=\u001b[32m\"button\"\u001b[39m\n  \u001b[36m/>\u001b[39m\n\n  Name \"Skipped 1\":\n  \u001b[36m<button\u001b[39m\n    \u001b[33maria-selected\u001b[39m=\u001b[32m\"false\"\u001b[39m\n    \u001b[33mclass\u001b[39m=\u001b[32m\"tab\"\u001b[39m\n    \u001b[33mrole\u001b[39m=\u001b[32m\"tab\"\u001b[39m\n    \u001b[33mtype\u001b[39m=\u001b[32m\"button\"\u001b[39m\n  \u001b[36m/>\u001b[39m\n\n  Name \"All Decisions 4\":\n  \u001b[36m<button\u001b[39m\n    \u001b[33maria-selected\u001b[39m=\u001b[32m\"false\"\u001b[39m\n    \u001b[33mclass\u001b[39m=\u001b[32m\"tab\"\u001b[39m\n    \u001b[33mrole\u001b[39m=\u001b[32m\"tab\"\u001b[39m\n    \u001b[33mtype\u001b[39m=\u001b[32m\"button\"\u001b[39m\n  \u001b[36m/>\u001b[39m\n\n  Name \"All Evaluated 3\":\n  \u001b[36m<button\u001b[39m\n    \u001b[33maria-selected\u001b[39m=\u001b[32m\"false\"\u001b[39m\n    \u001b[33mclass\u001b[39m=\u001b[32m\"tab\"\u001b[39m\n    \u001b[33mrole\u001b[39m=\u001b[32m\"tab\"\u001b[39m\n    \u001b[33mtype\u001b[39m=\u001b[32m\"button\"\u001b[39m\n  \u001b[36m/>\u001b[39m\n\n  --------------------------------------------------\n  strong:\n\n  Name \"\":\n  \u001b[36m<strong />\u001b[39m\n\n  Name \"\":\n  \u001b[36m<strong />\u001b[39m\n\n  Name \"\":\n  \u001b[36m<strong />\u001b[39m\n\n  Name \"\":\n  \u001b[36m<strong />\u001b[39m\n\n  --------------------------------------------------\n  code:\n\n  Name \"\":\n  \u001b[36m<code />\u001b[39m\n\n  --------------------------------------------------\n  contentinfo:\n\n  Name \"\":\n  \u001b[36m<footer />\u001b[39m\n\n  --------------------------------------------------\n\nIgnored nodes: comments, script, style\n\u001b[36m<body>\u001b[39m\n  \u001b[36m<div>\u001b[39m\n    \u001b[36m<div\u001b[39m\n      \u001b[33mclass\u001b[39m=\u001b[32m\"app-shell\"\u001b[39m\n    \u001b[36m>\u001b[39m\n      \u001b[36m<a\u001b[39m\n        \u001b[33mclass\u001b[39m=\u001b[32m\"skip-link\"\u001b[39m\n        \u001b[33mhref\u001b[39m=\u001b[32m\"#main-content\"\u001b[39m\n      \u001b[36m>\u001b[39m\n        \u001b[0mSkip to content\u001b[0m\n      \u001b[36m</a>\u001b[39m\n      \u001b[36m<aside\u001b[39m\n        \u001b[33mclass\u001b[39m=\u001b[32m\"sidebar\"\u001b[39m\n      \u001b[36m>\u001b[39m\n        \u001b[36m<div\u001b[39m\n          \u001b[33mclass\u001b[39m=\u001b[32m\"brand\"\u001b[39m\n        \u001b[36m>\u001b[39m\n          \u001b[36m<img\u001b[39m\n            \u001b[33malt\u001b[39m=\u001b[32m\"AlphaPilot\"\u001b[39m\n            \u001b[33mclass\u001b[39m=\u001b[32m\"brand__logo\"\u001b[39m\n            \u001b[33msrc\u001b[39m=\u001b[32m\"/src/assets/images/alphapilot-logo.png\"\u001b[39m\n          \u001b[36m/>\u001b[39m\n          \u001b[36m<span\u001b[39m\n            \u001b[33mclass\u001b[39m=\u001b[32m\"brand__subtitle\"\u001b[39m\n          \u001b[36m>\u001b[39m\n            \u001b[0mResearch Decision Dashboard\u001b[0m\n          \u001b[36m</span>\u001b[39m\n        \u001b[36m</div>\u001b[39m\n        \u001b[36m<nav\u001b[39m\n          \u001b[33maria-label\u001b[39m=\u001b[32m\"Primary navigation\"\u001b[39m\n        \u001b[36m>\u001b[39m\n          \u001b[36m<a\u001b[39m\n            \u001b[33mclass\u001b[39m=\u001b[32m\"\"\u001b[39m\n            \u001b[33mdata-discover\u001b[39m=\u001b[32m\"true\"\u001b[39m\n            \u001b[33mhref\u001b[39m=\u001b[32m\"/\"\u001b[39m\n          \u001b[36m>\u001b[39m\n            \u001b[0mDashboard\u001b[0m\n          \u001b[36m</a>\u001b[39m\n          \u001b[36m<a\u001b[39m\n            \u001b[33maria-current\u001b[39m=\u001b[32m\"page\"\u001b[39m\n            \u001b[33mclass\u001b[39m=\u001b[32m\"active\"\u001b[39m\n            \u001b[33mdata-discover\u001b[39m=\u001b[32m\"true\"\u001b[39m\n            \u001b[33mhref\u001b[39m=\u001b[32m\"/portfolio\"\u001b[39m\n          \u001b[36m>\u001b[39m\n            \u001b[0mPortfolio plan\u001b[0m\n          \u001b[36m</a>\u001b[39m\n          \u001b[36m<a\u001b[39m\n            \u001b[33mclass\u001b[39m=\u001b[32m\"\"\u001b[39m\n            \u001b[33mdata-discover\u001b[39m=\u001b[32m\"true\"\u001b[39m\n            \u001b[33mhref\u001b[39m=\u001b[32m\"/evaluate\"\u001b[39m\n          \u001b[36m>\u001b[39m\n            \u001b[0mEvaluate stock\u001b[0m\n          \u001b[36m</a>\u001b[39m\n          \u001b[36m<a\u001b[39m\n            \u001b[33mclass\u001b[39m=\u001b[32m\"\"\u001b[39m\n            \u001b[33mdata-discover\u001b[39m=\u001b[32m\"true\"\u001b[39m\n            \u001b[33mhref\u001b[39m=\u001b[32m\"/settings\"\u001b[39m\n          \u001b[36m>\u001b[39m\n            \u001b[0mResearch settings\u001b[0m\n          \u001b[36m</a>\u001b[39m\n          \u001b[36m<a\u001b[39m\n            \u001b[33mclass\u001b[39m=\u001b[32m\"\"\u001b[39m\n            \u001b[33mdata-discover\u001b[39m=\u001b[32m\"true\"\u001b[39m\n            \u001b[33mhref\u001b[39m=\u001b[32m\"/admin/data\"\u001b[39m\n          \u001b[36m>\u001b[39m\n            \u001b[0mData Management \u001b[0m\n            \u001b[36m<span\u001b[39m\n              \u001b[33mclass\u001b[39m=\u001b[32m\"nav-lock\"\u001b[39m\n            \u001b[36m>\u001b[39m\n              \u001b[0mLocked\u001b[0m\n            \u001b[36m</span>\u001b[39m\n          \u001b[36m</a>\u001b[39m\n        \u001b[36m</nav>\u001b[39m\n        \u001b[36m<div\u001b[39m\n          \u001b[33mclass\u001b[39m=\u001b[32m\"sidebar__status\"\u001b[39m\n        \u001b[36m>\u001b[39m\n          \u001b[36m<span\u001b[39m\n            \u001b[33mclass\u001b[39m=\u001b[32m\"badge badge--positive\"\u001b[39m\n          \u001b[36m>\u001b[39m\n            \u001b[0mBackend connected\u001b[0m\n          \u001b[36m</span>\u001b[39m\n          \u001b[36m<p>\u001b[39m\n            \u001b[0mStored market data · advisory output\u001b[0m\n          \u001b[36m</p>\u001b[39m\n        \u001b[36m</div>\u001b[39m\n      \u001b[36m</aside>\u001b[39m\n      \u001b[36m<div\u001b[39m\n        \u001b[33mclass\u001b[39m=\u001b[32m\"app-content\"\u001b[39m\n      \u001b[36m>\u001b[39m\n        \u001b[36m<header\u001b[39m\n          \u001b[33mclass\u001b[39m=\u001b[32m\"topbar\"\u001b[39m\n        \u001b[36m>\u001b[39m\n          \u001b[36m<div>\u001b[39m\n            \u001b[36m<span\u001b[39m\n              \u001b[33maria-hidden\u001b[39m=\u001b[32m\"true\"\u001b[39m\n              \u001b[33mclass\u001b[39m=\u001b[32m\"research-dot\"\u001b[39m\n            \u001b[36m/>\u001b[39m\n            \u001b[0mResearch environment\u001b[0m\n          \u001b[36m</div>\u001b[39m\n          \u001b[36m<span>\u001b[39m\n            \u001b[0mNot connected to live trading\u001b[0m\n          \u001b[36m</span>\u001b[39m\n        \u001b[36m</header>\u001b[39m\n        \u001b[36m<main\u001b[39m\n          \u001b[33mid\u001b[39m=\u001b[32m\"main-content\"\u001b[39m\n          \u001b[33mtabindex\u001b[39m=\u001b[32m\"-1\"\u001b[39m\n        \u001b[36m>\u001b[39m\n          \u001b[36m<div\u001b[39m\n            \u001b[33mclass\u001b[39m=\u001b[32m\"page\"\u001b[39m\n          \u001b[36m>\u001b[39m\n            \u001b[36m<header\u001b[39m\n              \u001b[33mclass\u001b[39m=\u001b[32m\"page-header\"\u001b[39m\n            \u001b[36m>\u001b[39m\n              \u001b[36m<div>\u001b[39m\n                \u001b[36m<p\u001b[39m\n                  \u001b[33mclass\u001b[39m=\u001b[32m\"eyebrow\"\u001b[39m\n                \u001b[36m>\u001b[39m\n                  \u001b[0mInteractive research workflow\u001b[0m\n                \u001b[36m</p>\u001b[39m\n                \u001b[36m<h1>\u001b[39m\n                  \u001b[0mPortfolio Plan\u001b[0m\n                \u001b[36m</h1>\u001b[39m\n                \u001b[36m<p>\u001b[39m\n                  \u001b[0mProvide current state and ask the backend to evaluate stored market data.\u001b[0m\n                \u001b[36m</p>\u001b[39m\n              \u001b[36m</div>\u001b[39m\n            \u001b[36m</header>\u001b[39m\n            \u001b[36m<form\u001b[39m\n              \u001b[33mclass\u001b[39m=\u001b[32m\"plan-form\"\u001b[39m\n              \u001b[33mnovalidate\u001b[39m=\u001b[32m\"\"\u001b[39m\n            \u001b[36m>\u001b[39m\n              \u001b[36m<section\u001b[39m\n                \u001b[33maria-labelledby\u001b[39m=\u001b[32m\"portfolio-input-title\"\u001b[39m\n                \u001b[33mclass\u001b[39m=\u001b[32m\"panel form-section\"\u001b[39m\n              \u001b[36m>\u001b[39m\n                \u001b[36m<div\u001b[39m\n                  \u001b[33mclass\u001b[39m=\u001b[32m\"section-heading\"\u001b[39m\n                \u001b[36m>\u001b[39m\n                  \u001b[36m<div>\u001b[39m\n                    \u001b[36m<p\u001b[39m\n                      \u001b[33mclass\u001b[39m=\u001b[32m\"eyebrow\"\u001b[39m\n                    \u001b[36m>\u001b[39m\n                      \u001b[0mManual current state\u001b[0m\n                    \u001b[36m</p>\u001b[39m\n                    \u001b[36m<h2\u001b[39m\n                      \u001b[33mid\u001b[39m=\u001b[32m\"portfolio-input-title\"\u001b[39m\n                    \u001b[36m>\u001b[39m\n                      \u001b[0mPortfolio input\u001b[0m\n                    \u001b[36m</h2>\u001b[39m\n                  \u001b[36m</div>\u001b[39m\n                  \u001b[36m<span\u001b[39m\n                    \u001b[33mclass\u001b[39m=\u001b[32m\"muted\"\u001b[39m\n                  \u001b[36m>\u001b[39m\n                    \u001b[0mNot connected to a broker\u001b[0m\n                  \u001b[36m</span>\u001b[39m\n                \u001b[36m</div>\u001b[39m\n                \u001b[36m<div\u001b[39m\n                  \u001b[33mclass\u001b[39m=\u001b[32m\"form-grid form-grid--two\"\u001b[39m\n                \u001b[36m>\u001b[39m\n                  \u001b[36m<label>\u001b[39m\n                    \u001b[36m<span>\u001b[39m\n                      \u001b[0mCash (USD)\u001b[0m\n                    \u001b[36m</span>\u001b[39m\n                    \u001b[36m<input\u001b[39m\n                      \u001b[33maria-invalid\u001b[39m=\u001b[32m\"false\"\u001b[39m\n                      \u001b[33minputmode\u001b[39m=\u001b[32m\"decimal\"\u001b[39m\n                      \u001b[33mvalue\u001b[39m=\u001b[32m\"90100\"\u001b[39m\n                    \u001b[36m/>\u001b[39m\n                  \u001b[36m</label>\u001b[39m\n                  \u001b[36m<label>\u001b[39m\n                    \u001b[36m<span\u001b[39m\n                      \u001b[33mclass\u001b[39m=\u001b[32m\"label-with-help\"\u001b[39m\n                    \u001b[36m>\u001b[39m\n                      \u001b[0mRequested analysis date \u001b[0m\n                      \u001b[36m<span\u001b[39m\n                        \u001b[33mclass\u001b[39m=\u001b[32m\"info-tooltip\"\u001b[39m\n                      \u001b[36m>\u001b[39m\n                        \u001b[36m<span\u001b[39m\n                          \u001b[33maria-expanded\u001b[39m=\u001b[32m\"false\"\u001b[39m\n                          \u001b[33maria-label\u001b[39m=\u001b[32m\"About requested analysis date\"\u001b[39m\n                          \u001b[33mclass\u001b[39m=\u001b[32m\"info-tooltip__trigger\"\u001b[39m\n                          \u001b[33mrole\u001b[39m=\u001b[32m\"button\"\u001b[39m\n                          \u001b[33mtabindex\u001b[39m=\u001b[32m\"0\"\u001b[39m\n                        \u001b[36m>\u001b[39m\n                          \u001b[36m<span\u001b[39m\n                 ...\n    at Object.getElementError (C:\\Users\\achia\\Projects\\AlphaPilot\\frontend\\node_modules\\@testing-library\\dom\\dist\\config.js:37:19)\n    at C:\\Users\\achia\\Projects\\AlphaPilot\\frontend\\node_modules\\@testing-library\\dom\\dist\\query-helpers.js:76:38\n    at C:\\Users\\achia\\Projects\\AlphaPilot\\frontend\\node_modules\\@testing-library\\dom\\dist\\query-helpers.js:52:17\n    at C:\\Users\\achia\\Projects\\AlphaPilot\\frontend\\node_modules\\@testing-library\\dom\\dist\\query-helpers.js:95:19\n    at C:/Users/achia/Projects/AlphaPilot/frontend/src/pages/PortfolioPage.test.tsx:195:27\n    at file:///C:/Users/achia/Projects/AlphaPilot/frontend/node_modules/@vitest/runner/dist/chunk-artifact.js:1903:20"],"meta":{},"tags":[]},{"ancestorTitles":[],"fullName":"approved SELL removes the full held position using backend cash-after value","status":"passed","title":"approved SELL removes the full held position using backend cash-after value","duration":534.8752999999997,"failureMessages":[],"meta":{},"tags":[]}],"startTime":1787739410058,"endTime":1787739415715.8752,"status":"failed","message":"","name":"C:/Users/achia/Projects/AlphaPilot/frontend/src/pages/PortfolioPage.test.tsx"},{"assertionResults":[{"ancestorTitles":[],"fullName":"settings loads backend defaults and research classifications","status":"passed","title":"settings loads backend defaults and research classifications","duration":149.5075999999999,"failureMessages":[],"meta":{},"tags":[]}],"startTime":1787739416665,"endTime":1787739416814.5076,"status":"passed","message":"","name":"C:/Users/achia/Projects/AlphaPilot/frontend/src/pages/SettingsPage.test.tsx"},{"assertionResults":[{"ancestorTitles":[],"fullName":"formats API-returned money, risk percentages, and RS20 for display only","status":"passed","title":"formats API-returned money, risk percentages, and RS20 for display only","duration":18.680899999999838,"failureMessages":[],"meta":{},"tags":[]},{"ancestorTitles":[],"fullName":"keeps machine reason codes readable without hiding their meaning","status":"passed","title":"keeps machine reason codes readable without hiding their meaning","duration":0.3645000000001346,"failureMessages":[],"meta":{},"tags":[]}],"startTime":1787739417503,"endTime":1787739417522.3645,"status":"passed","message":"","name":"C:/Users/achia/Projects/AlphaPilot/frontend/src/utils/format.test.ts"},{"assertionResults":[{"ancestorTitles":[],"fullName":"tabs show live counts and approved buys are the default view","status":"passed","title":"tabs show live counts and approved buys are the default view","duration":292.27099999999973,"failureMessages":[],"meta":{},"tags":[]},{"ancestorTitles":[],"fullName":"approved BUY order and backend candidate ranks are preserved","status":"passed","title":"approved BUY order and backend candidate ranks are preserved","duration":89.28380000000016,"failureMessages":[],"meta":{},"tags":[]},{"ancestorTitles":[],"fullName":"all evaluated defaults to disclosed A-Z ordering, not recommendation order","status":"passed","title":"all evaluated defaults to disclosed A-Z ordering, not recommendation order","duration":240.77089999999998,"failureMessages":[],"meta":{},"tags":[]},{"ancestorTitles":[],"fullName":"returned rows can be searched and filtered by decision, signal, sector, and status","status":"passed","title":"returned rows can be searched and filtered by decision, signal, sector, and status","duration":865.3922000000002,"failureMessages":[],"meta":{},"tags":[]},{"ancestorTitles":[],"fullName":"large universe results paginate instead of rendering one enormous table","status":"passed","title":"large universe results paginate instead of rendering one enormous table","duration":274.0622999999996,"failureMessages":[],"meta":{},"tags":[]},{"ancestorTitles":[],"fullName":"unscored SELL and HOLD decisions are labeled rather than assigned fabricated RS20","status":"passed","title":"unscored SELL and HOLD decisions are labeled rather than assigned fabricated RS20","duration":129.92059999999947,"failureMessages":[],"meta":{},"tags":[]},{"ancestorTitles":[],"fullName":"apply actions are limited to approved portfolio decisions on a clean plan","status":"passed","title":"apply actions are limited to approved portfolio decisions on a clean plan","duration":450.03979999999956,"failureMessages":[],"meta":{},"tags":[]}],"startTime":1787739409787,"endTime":1787739412129.0398,"status":"passed","message":"","name":"C:/Users/achia/Projects/AlphaPilot/frontend/src/features/portfolio/OpportunityExplorer.test.tsx"},{"assertionResults":[{"ancestorTitles":["portfolio plan request"],"fullName":"portfolio plan request serializes only high-level portfolio and frozen strategy facts","status":"passed","title":"serializes only high-level portfolio and frozen strategy facts","duration":2.73070000000007,"failureMessages":[],"meta":{},"tags":[]},{"ancestorTitles":["portfolio plan request"],"fullName":"portfolio plan request validates cash, whole shares, reference prices, tickers, and duplicates","status":"passed","title":"validates cash, whole shares, reference prices, tickers, and duplicates","duration":1.0004999999996471,"failureMessages":[],"meta":{},"tags":[]}],"startTime":1787739417489,"endTime":1787739417493.0005,"status":"passed","message":"","name":"C:/Users/achia/Projects/AlphaPilot/frontend/src/features/portfolio/PlanForm.test.tsx"}]}